c:\users\owner\onedrive - seneca\desktop\seneca\2nd\oop\ms\ms5\x64\debug\vc143.pdb
c:\users\owner\onedrive - seneca\desktop\seneca\2nd\oop\ms\ms5\x64\debug\vc143.idb
c:\users\owner\onedrive - seneca\desktop\seneca\2nd\oop\ms\ms5\x64\debug\utils.obj
c:\users\owner\onedrive - seneca\desktop\seneca\2nd\oop\ms\ms5\x64\debug\posio.obj
c:\users\owner\onedrive - seneca\desktop\seneca\2nd\oop\ms\ms5\x64\debug\posapp.obj
c:\users\owner\onedrive - seneca\desktop\seneca\2nd\oop\ms\ms5\x64\debug\perishable.obj
c:\users\owner\onedrive - seneca\desktop\seneca\2nd\oop\ms\ms5\x64\debug\nonperishable.obj
c:\users\owner\onedrive - seneca\desktop\seneca\2nd\oop\ms\ms5\x64\debug\main.obj
c:\users\owner\onedrive - seneca\desktop\seneca\2nd\oop\ms\ms5\x64\debug\item.obj
c:\users\owner\onedrive - seneca\desktop\seneca\2nd\oop\ms\ms5\x64\debug\error.obj
c:\users\owner\onedrive - seneca\desktop\seneca\2nd\oop\ms\ms5\x64\debug\date.obj
c:\users\owner\onedrive - seneca\desktop\seneca\2nd\oop\ms\ms5\x64\debug\bill.obj
c:\users\owner\onedrive - seneca\desktop\seneca\2nd\oop\ms\ms5\x64\debug\ms.exe
c:\users\owner\onedrive - seneca\desktop\seneca\2nd\oop\ms\ms5\x64\debug\ms.ilk
c:\users\owner\onedrive - seneca\desktop\seneca\2nd\oop\ms\ms5\x64\debug\ms.pdb
c:\users\owner\onedrive - seneca\desktop\seneca\2nd\oop\ms\ms5\x64\debug\ms.tlog\cl.command.1.tlog
c:\users\owner\onedrive - seneca\desktop\seneca\2nd\oop\ms\ms5\x64\debug\ms.tlog\cl.read.1.tlog
c:\users\owner\onedrive - seneca\desktop\seneca\2nd\oop\ms\ms5\x64\debug\ms.tlog\cl.write.1.tlog
c:\users\owner\onedrive - seneca\desktop\seneca\2nd\oop\ms\ms5\x64\debug\ms.tlog\link.command.1.tlog
c:\users\owner\onedrive - seneca\desktop\seneca\2nd\oop\ms\ms5\x64\debug\ms.tlog\link.read.1.tlog
c:\users\owner\onedrive - seneca\desktop\seneca\2nd\oop\ms\ms5\x64\debug\ms.tlog\link.write.1.tlog
