  Bus.cpp
  main.cpp
C:\Users\Owner\OneDrive - Seneca\Desktop\Seneca\2nd\oop\workshop\OOP-Workshops\WS05\DIY\main.cpp(32,10): error C2248: 'sdds::Bus::Bus': cannot access private member declared in class 'sdds::Bus'
C:\Users\Owner\OneDrive - Seneca\Desktop\Seneca\2nd\oop\workshop\OOP-Workshops\WS05\DIY\Bus.h(17): message : see declaration of 'sdds::Bus::Bus'
C:\Users\Owner\OneDrive - Seneca\Desktop\Seneca\2nd\oop\workshop\OOP-Workshops\WS05\DIY\Bus.h(13): message : see declaration of 'sdds::Bus'
C:\Users\Owner\OneDrive - Seneca\Desktop\Seneca\2nd\oop\workshop\OOP-Workshops\WS05\DIY\main.cpp(32,20): error C2661: 'sdds::Bus::Bus': no overloaded function takes 2 arguments
C:\Users\Owner\OneDrive - Seneca\Desktop\Seneca\2nd\oop\workshop\OOP-Workshops\WS05\DIY\main.cpp(32,31): error C2661: 'sdds::Bus::Bus': no overloaded function takes 2 arguments
C:\Users\Owner\OneDrive - Seneca\Desktop\Seneca\2nd\oop\workshop\OOP-Workshops\WS05\DIY\main.cpp(32,40): error C2665: 'sdds::Bus::Bus': none of the 3 overloads could convert all the argument types
C:\Users\Owner\OneDrive - Seneca\Desktop\Seneca\2nd\oop\workshop\OOP-Workshops\WS05\DIY\Bus.h(18,2): message : could be 'sdds::Bus::Bus(sdds::Bus &&)'
C:\Users\Owner\OneDrive - Seneca\Desktop\Seneca\2nd\oop\workshop\OOP-Workshops\WS05\DIY\Bus.h(18,2): message : or       'sdds::Bus::Bus(const sdds::Bus &)'
C:\Users\Owner\OneDrive - Seneca\Desktop\Seneca\2nd\oop\workshop\OOP-Workshops\WS05\DIY\main.cpp(32,37): message : 'sdds::Bus::Bus(const sdds::Bus &)': cannot convert argument 1 from 'int' to 'const sdds::Bus &'
C:\Users\Owner\OneDrive - Seneca\Desktop\Seneca\2nd\oop\workshop\OOP-Workshops\WS05\DIY\main.cpp(32,40): message : Reason: cannot convert from 'int' to 'const sdds::Bus'
C:\Users\Owner\OneDrive - Seneca\Desktop\Seneca\2nd\oop\workshop\OOP-Workshops\WS05\DIY\main.cpp(32,40): message : No constructor could take the source type, or constructor overload resolution was ambiguous
C:\Users\Owner\OneDrive - Seneca\Desktop\Seneca\2nd\oop\workshop\OOP-Workshops\WS05\DIY\Bus.h(18,2): message : see declaration of 'sdds::Bus::Bus'
C:\Users\Owner\OneDrive - Seneca\Desktop\Seneca\2nd\oop\workshop\OOP-Workshops\WS05\DIY\main.cpp(32,40): message : while trying to match the argument list '(int)'
C:\Users\Owner\OneDrive - Seneca\Desktop\Seneca\2nd\oop\workshop\OOP-Workshops\WS05\DIY\main.cpp(34,28): error C2440: '<function-style-cast>': cannot convert from 'sdds::Bus' to 'int'
C:\Users\Owner\OneDrive - Seneca\Desktop\Seneca\2nd\oop\workshop\OOP-Workshops\WS05\DIY\main.cpp(34,25): message : No user-defined-conversion operator available that can perform this conversion, or the operator cannot be called
C:\Users\Owner\OneDrive - Seneca\Desktop\Seneca\2nd\oop\workshop\OOP-Workshops\WS05\DIY\main.cpp(34,51): error C2440: '<function-style-cast>': cannot convert from 'sdds::Bus' to 'int'
C:\Users\Owner\OneDrive - Seneca\Desktop\Seneca\2nd\oop\workshop\OOP-Workshops\WS05\DIY\main.cpp(34,48): message : No user-defined-conversion operator available that can perform this conversion, or the operator cannot be called
C:\Users\Owner\OneDrive - Seneca\Desktop\Seneca\2nd\oop\workshop\OOP-Workshops\WS05\DIY\main.cpp(34,74): error C2440: '<function-style-cast>': cannot convert from 'sdds::Bus' to 'int'
C:\Users\Owner\OneDrive - Seneca\Desktop\Seneca\2nd\oop\workshop\OOP-Workshops\WS05\DIY\main.cpp(34,71): message : No user-defined-conversion operator available that can perform this conversion, or the operator cannot be called
C:\Users\Owner\OneDrive - Seneca\Desktop\Seneca\2nd\oop\workshop\OOP-Workshops\WS05\DIY\main.cpp(35,17): error C2676: binary '+=': 'sdds::Bus' does not define this operator or a conversion to a type acceptable to the predefined operator
C:\Users\Owner\OneDrive - Seneca\Desktop\Seneca\2nd\oop\workshop\OOP-Workshops\WS05\DIY\main.cpp(37,28): error C2440: '<function-style-cast>': cannot convert from 'sdds::Bus' to 'int'
C:\Users\Owner\OneDrive - Seneca\Desktop\Seneca\2nd\oop\workshop\OOP-Workshops\WS05\DIY\main.cpp(37,25): message : No user-defined-conversion operator available that can perform this conversion, or the operator cannot be called
C:\Users\Owner\OneDrive - Seneca\Desktop\Seneca\2nd\oop\workshop\OOP-Workshops\WS05\DIY\main.cpp(37,51): error C2440: '<function-style-cast>': cannot convert from 'sdds::Bus' to 'int'
C:\Users\Owner\OneDrive - Seneca\Desktop\Seneca\2nd\oop\workshop\OOP-Workshops\WS05\DIY\main.cpp(37,48): message : No user-defined-conversion operator available that can perform this conversion, or the operator cannot be called
C:\Users\Owner\OneDrive - Seneca\Desktop\Seneca\2nd\oop\workshop\OOP-Workshops\WS05\DIY\main.cpp(37,74): error C2440: '<function-style-cast>': cannot convert from 'sdds::Bus' to 'int'
C:\Users\Owner\OneDrive - Seneca\Desktop\Seneca\2nd\oop\workshop\OOP-Workshops\WS05\DIY\main.cpp(37,71): message : No user-defined-conversion operator available that can perform this conversion, or the operator cannot be called
C:\Users\Owner\OneDrive - Seneca\Desktop\Seneca\2nd\oop\workshop\OOP-Workshops\WS05\DIY\main.cpp(38,13): error C2676: binary '+=': 'sdds::Bus' does not define this operator or a conversion to a type acceptable to the predefined operator
C:\Users\Owner\OneDrive - Seneca\Desktop\Seneca\2nd\oop\workshop\OOP-Workshops\WS05\DIY\main.cpp(40,30): error C2440: '<function-style-cast>': cannot convert from 'sdds::Bus' to 'int'
C:\Users\Owner\OneDrive - Seneca\Desktop\Seneca\2nd\oop\workshop\OOP-Workshops\WS05\DIY\main.cpp(40,26): message : No user-defined-conversion operator available that can perform this conversion, or the operator cannot be called
C:\Users\Owner\OneDrive - Seneca\Desktop\Seneca\2nd\oop\workshop\OOP-Workshops\WS05\DIY\main.cpp(40,53): error C2440: '<function-style-cast>': cannot convert from 'sdds::Bus' to 'int'
C:\Users\Owner\OneDrive - Seneca\Desktop\Seneca\2nd\oop\workshop\OOP-Workshops\WS05\DIY\main.cpp(40,50): message : No user-defined-conversion operator available that can perform this conversion, or the operator cannot be called
C:\Users\Owner\OneDrive - Seneca\Desktop\Seneca\2nd\oop\workshop\OOP-Workshops\WS05\DIY\main.cpp(41,13): error C2676: binary '+=': 'sdds::Bus' does not define this operator or a conversion to a type acceptable to the predefined operator
C:\Users\Owner\OneDrive - Seneca\Desktop\Seneca\2nd\oop\workshop\OOP-Workshops\WS05\DIY\main.cpp(43,11): error C2679: binary '=': no operator found which takes a right-hand operand of type 'int' (or there is no acceptable conversion)
C:\Users\Owner\OneDrive - Seneca\Desktop\Seneca\2nd\oop\workshop\OOP-Workshops\WS05\DIY\Bus.h(18,2): message : could be 'sdds::Bus &sdds::Bus::operator =(sdds::Bus &&)'
C:\Users\Owner\OneDrive - Seneca\Desktop\Seneca\2nd\oop\workshop\OOP-Workshops\WS05\DIY\Bus.h(18,2): message : or       'sdds::Bus &sdds::Bus::operator =(const sdds::Bus &)'
C:\Users\Owner\OneDrive - Seneca\Desktop\Seneca\2nd\oop\workshop\OOP-Workshops\WS05\DIY\main.cpp(43,11): message : while trying to match the argument list '(sdds::Bus, int)'
C:\Users\Owner\OneDrive - Seneca\Desktop\Seneca\2nd\oop\workshop\OOP-Workshops\WS05\DIY\main.cpp(44,10): error C2679: binary '=': no operator found which takes a right-hand operand of type 'int' (or there is no acceptable conversion)
C:\Users\Owner\OneDrive - Seneca\Desktop\Seneca\2nd\oop\workshop\OOP-Workshops\WS05\DIY\Bus.h(18,2): message : could be 'sdds::Bus &sdds::Bus::operator =(sdds::Bus &&)'
C:\Users\Owner\OneDrive - Seneca\Desktop\Seneca\2nd\oop\workshop\OOP-Workshops\WS05\DIY\Bus.h(18,2): message : or       'sdds::Bus &sdds::Bus::operator =(const sdds::Bus &)'
C:\Users\Owner\OneDrive - Seneca\Desktop\Seneca\2nd\oop\workshop\OOP-Workshops\WS05\DIY\main.cpp(44,10): message : while trying to match the argument list '(sdds::Bus, int)'
C:\Users\Owner\OneDrive - Seneca\Desktop\Seneca\2nd\oop\workshop\OOP-Workshops\WS05\DIY\main.cpp(46,28): error C2440: '<function-style-cast>': cannot convert from 'sdds::Bus' to 'int'
C:\Users\Owner\OneDrive - Seneca\Desktop\Seneca\2nd\oop\workshop\OOP-Workshops\WS05\DIY\main.cpp(46,25): message : No user-defined-conversion operator available that can perform this conversion, or the operator cannot be called
C:\Users\Owner\OneDrive - Seneca\Desktop\Seneca\2nd\oop\workshop\OOP-Workshops\WS05\DIY\main.cpp(46,51): error C2440: '<function-style-cast>': cannot convert from 'sdds::Bus' to 'int'
C:\Users\Owner\OneDrive - Seneca\Desktop\Seneca\2nd\oop\workshop\OOP-Workshops\WS05\DIY\main.cpp(46,48): message : No user-defined-conversion operator available that can perform this conversion, or the operator cannot be called
C:\Users\Owner\OneDrive - Seneca\Desktop\Seneca\2nd\oop\workshop\OOP-Workshops\WS05\DIY\main.cpp(47,10): error C2679: binary '=': no operator found which takes a right-hand operand of type 'int' (or there is no acceptable conversion)
C:\Users\Owner\OneDrive - Seneca\Desktop\Seneca\2nd\oop\workshop\OOP-Workshops\WS05\DIY\Bus.h(18,2): message : could be 'sdds::Bus &sdds::Bus::operator =(sdds::Bus &&)'
C:\Users\Owner\OneDrive - Seneca\Desktop\Seneca\2nd\oop\workshop\OOP-Workshops\WS05\DIY\Bus.h(18,2): message : or       'sdds::Bus &sdds::Bus::operator =(const sdds::Bus &)'
C:\Users\Owner\OneDrive - Seneca\Desktop\Seneca\2nd\oop\workshop\OOP-Workshops\WS05\DIY\main.cpp(47,10): message : while trying to match the argument list '(sdds::Bus, int)'
C:\Users\Owner\OneDrive - Seneca\Desktop\Seneca\2nd\oop\workshop\OOP-Workshops\WS05\DIY\main.cpp(49,28): error C2440: '<function-style-cast>': cannot convert from 'sdds::Bus' to 'int'
C:\Users\Owner\OneDrive - Seneca\Desktop\Seneca\2nd\oop\workshop\OOP-Workshops\WS05\DIY\main.cpp(49,25): message : No user-defined-conversion operator available that can perform this conversion, or the operator cannot be called
C:\Users\Owner\OneDrive - Seneca\Desktop\Seneca\2nd\oop\workshop\OOP-Workshops\WS05\DIY\main.cpp(51,11): error C2676: binary '+=': 'sdds::Bus' does not define this operator or a conversion to a type acceptable to the predefined operator
C:\Users\Owner\OneDrive - Seneca\Desktop\Seneca\2nd\oop\workshop\OOP-Workshops\WS05\DIY\main.cpp(52,11): error C2676: binary '+=': 'sdds::Bus' does not define this operator or a conversion to a type acceptable to the predefined operator
C:\Users\Owner\OneDrive - Seneca\Desktop\Seneca\2nd\oop\workshop\OOP-Workshops\WS05\DIY\main.cpp(53,11): error C2676: binary '+=': 'sdds::Bus' does not define this operator or a conversion to a type acceptable to the predefined operator
C:\Users\Owner\OneDrive - Seneca\Desktop\Seneca\2nd\oop\workshop\OOP-Workshops\WS05\DIY\main.cpp(55,28): error C2440: '<function-style-cast>': cannot convert from 'sdds::Bus' to 'int'
C:\Users\Owner\OneDrive - Seneca\Desktop\Seneca\2nd\oop\workshop\OOP-Workshops\WS05\DIY\main.cpp(55,25): message : No user-defined-conversion operator available that can perform this conversion, or the operator cannot be called
C:\Users\Owner\OneDrive - Seneca\Desktop\Seneca\2nd\oop\workshop\OOP-Workshops\WS05\DIY\main.cpp(55,51): error C2440: '<function-style-cast>': cannot convert from 'sdds::Bus' to 'int'
C:\Users\Owner\OneDrive - Seneca\Desktop\Seneca\2nd\oop\workshop\OOP-Workshops\WS05\DIY\main.cpp(55,48): message : No user-defined-conversion operator available that can perform this conversion, or the operator cannot be called
C:\Users\Owner\OneDrive - Seneca\Desktop\Seneca\2nd\oop\workshop\OOP-Workshops\WS05\DIY\main.cpp(55,74): error C2440: '<function-style-cast>': cannot convert from 'sdds::Bus' to 'int'
C:\Users\Owner\OneDrive - Seneca\Desktop\Seneca\2nd\oop\workshop\OOP-Workshops\WS05\DIY\main.cpp(55,71): message : No user-defined-conversion operator available that can perform this conversion, or the operator cannot be called
C:\Users\Owner\OneDrive - Seneca\Desktop\Seneca\2nd\oop\workshop\OOP-Workshops\WS05\DIY\main.cpp(57,18): error C2440: '<function-style-cast>': cannot convert from 'initializer list' to 'sdds::Bus'
C:\Users\Owner\OneDrive - Seneca\Desktop\Seneca\2nd\oop\workshop\OOP-Workshops\WS05\DIY\main.cpp(57,18): message : No constructor could take the source type, or constructor overload resolution was ambiguous
C:\Users\Owner\OneDrive - Seneca\Desktop\Seneca\2nd\oop\workshop\OOP-Workshops\WS05\DIY\main.cpp(58,19): error C2440: '<function-style-cast>': cannot convert from 'initializer list' to 'sdds::Bus'
C:\Users\Owner\OneDrive - Seneca\Desktop\Seneca\2nd\oop\workshop\OOP-Workshops\WS05\DIY\main.cpp(58,19): message : No constructor could take the source type, or constructor overload resolution was ambiguous
C:\Users\Owner\OneDrive - Seneca\Desktop\Seneca\2nd\oop\workshop\OOP-Workshops\WS05\DIY\main.cpp(59,19): error C2440: '<function-style-cast>': cannot convert from 'initializer list' to 'sdds::Bus'
C:\Users\Owner\OneDrive - Seneca\Desktop\Seneca\2nd\oop\workshop\OOP-Workshops\WS05\DIY\main.cpp(59,19): message : No constructor could take the source type, or constructor overload resolution was ambiguous
C:\Users\Owner\OneDrive - Seneca\Desktop\Seneca\2nd\oop\workshop\OOP-Workshops\WS05\DIY\main.cpp(60,28): error C2440: '<function-style-cast>': cannot convert from 'sdds::Bus' to 'int'
C:\Users\Owner\OneDrive - Seneca\Desktop\Seneca\2nd\oop\workshop\OOP-Workshops\WS05\DIY\main.cpp(60,25): message : No user-defined-conversion operator available that can perform this conversion, or the operator cannot be called
C:\Users\Owner\OneDrive - Seneca\Desktop\Seneca\2nd\oop\workshop\OOP-Workshops\WS05\DIY\main.cpp(60,51): error C2440: '<function-style-cast>': cannot convert from 'sdds::Bus' to 'int'
C:\Users\Owner\OneDrive - Seneca\Desktop\Seneca\2nd\oop\workshop\OOP-Workshops\WS05\DIY\main.cpp(60,48): message : No user-defined-conversion operator available that can perform this conversion, or the operator cannot be called
C:\Users\Owner\OneDrive - Seneca\Desktop\Seneca\2nd\oop\workshop\OOP-Workshops\WS05\DIY\main.cpp(60,74): error C2440: '<function-style-cast>': cannot convert from 'sdds::Bus' to 'int'
C:\Users\Owner\OneDrive - Seneca\Desktop\Seneca\2nd\oop\workshop\OOP-Workshops\WS05\DIY\main.cpp(60,71): message : No user-defined-conversion operator available that can perform this conversion, or the operator cannot be called
C:\Users\Owner\OneDrive - Seneca\Desktop\Seneca\2nd\oop\workshop\OOP-Workshops\WS05\DIY\main.cpp(61,13): error C2679: binary '<<': no operator found which takes a right-hand operand of type 'sdds::Bus' (or there is no acceptable conversion)
C:\Program Files\Microsoft Visual Studio\2022\Community\VC\Tools\MSVC\14.33.31629\include\ostream(475,39): message : could be 'std::basic_ostream<char,std::char_traits<char>> &std::basic_ostream<char,std::char_traits<char>>::operator <<(std::basic_streambuf<char,std::char_traits<char>> *)'
C:\Program Files\Microsoft Visual Studio\2022\Community\VC\Tools\MSVC\14.33.31629\include\ostream(443,39): message : or       'std::basic_ostream<char,std::char_traits<char>> &std::basic_ostream<char,std::char_traits<char>>::operator <<(const void *)'
C:\Program Files\Microsoft Visual Studio\2022\Community\VC\Tools\MSVC\14.33.31629\include\ostream(425,39): message : or       'std::basic_ostream<char,std::char_traits<char>> &std::basic_ostream<char,std::char_traits<char>>::operator <<(long double)'
C:\Program Files\Microsoft Visual Studio\2022\Community\VC\Tools\MSVC\14.33.31629\include\ostream(407,39): message : or       'std::basic_ostream<char,std::char_traits<char>> &std::basic_ostream<char,std::char_traits<char>>::operator <<(double)'
C:\Program Files\Microsoft Visual Studio\2022\Community\VC\Tools\MSVC\14.33.31629\include\ostream(389,39): message : or       'std::basic_ostream<char,std::char_traits<char>> &std::basic_ostream<char,std::char_traits<char>>::operator <<(float)'
C:\Program Files\Microsoft Visual Studio\2022\Community\VC\Tools\MSVC\14.33.31629\include\ostream(371,39): message : or       'std::basic_ostream<char,std::char_traits<char>> &std::basic_ostream<char,std::char_traits<char>>::operator <<(unsigned __int64)'
C:\Program Files\Microsoft Visual Studio\2022\Community\VC\Tools\MSVC\14.33.31629\include\ostream(353,39): message : or       'std::basic_ostream<char,std::char_traits<char>> &std::basic_ostream<char,std::char_traits<char>>::operator <<(__int64)'
C:\Program Files\Microsoft Visual Studio\2022\Community\VC\Tools\MSVC\14.33.31629\include\ostream(335,39): message : or       'std::basic_ostream<char,std::char_traits<char>> &std::basic_ostream<char,std::char_traits<char>>::operator <<(unsigned long)'
C:\Program Files\Microsoft Visual Studio\2022\Community\VC\Tools\MSVC\14.33.31629\include\ostream(317,39): message : or       'std::basic_ostream<char,std::char_traits<char>> &std::basic_ostream<char,std::char_traits<char>>::operator <<(long)'
C:\Program Files\Microsoft Visual Studio\2022\Community\VC\Tools\MSVC\14.33.31629\include\ostream(298,39): message : or       'std::basic_ostream<char,std::char_traits<char>> &std::basic_ostream<char,std::char_traits<char>>::operator <<(unsigned int)'
C:\Program Files\Microsoft Visual Studio\2022\Community\VC\Tools\MSVC\14.33.31629\include\ostream(272,39): message : or       'std::basic_ostream<char,std::char_traits<char>> &std::basic_ostream<char,std::char_traits<char>>::operator <<(int)'
C:\Program Files\Microsoft Visual Studio\2022\Community\VC\Tools\MSVC\14.33.31629\include\ostream(253,39): message : or       'std::basic_ostream<char,std::char_traits<char>> &std::basic_ostream<char,std::char_traits<char>>::operator <<(unsigned short)'
C:\Program Files\Microsoft Visual Studio\2022\Community\VC\Tools\MSVC\14.33.31629\include\ostream(219,39): message : or       'std::basic_ostream<char,std::char_traits<char>> &std::basic_ostream<char,std::char_traits<char>>::operator <<(short)'
C:\Program Files\Microsoft Visual Studio\2022\Community\VC\Tools\MSVC\14.33.31629\include\ostream(201,39): message : or       'std::basic_ostream<char,std::char_traits<char>> &std::basic_ostream<char,std::char_traits<char>>::operator <<(bool)'
C:\Program Files\Microsoft Visual Studio\2022\Community\VC\Tools\MSVC\14.33.31629\include\ostream(195,39): message : or       'std::basic_ostream<char,std::char_traits<char>> &std::basic_ostream<char,std::char_traits<char>>::operator <<(std::ios_base &(__cdecl *)(std::ios_base &))'
C:\Program Files\Microsoft Visual Studio\2022\Community\VC\Tools\MSVC\14.33.31629\include\ostream(189,39): message : or       'std::basic_ostream<char,std::char_traits<char>> &std::basic_ostream<char,std::char_traits<char>>::operator <<(std::basic_ios<char,std::char_traits<char>> &(__cdecl *)(std::basic_ios<char,std::char_traits<char>> &))'
C:\Program Files\Microsoft Visual Studio\2022\Community\VC\Tools\MSVC\14.33.31629\include\ostream(184,39): message : or       'std::basic_ostream<char,std::char_traits<char>> &std::basic_ostream<char,std::char_traits<char>>::operator <<(std::basic_ostream<char,std::char_traits<char>> &(__cdecl *)(std::basic_ostream<char,std::char_traits<char>> &))'
C:\Users\Owner\OneDrive - Seneca\Desktop\Seneca\2nd\oop\workshop\OOP-Workshops\WS05\DIY\main.cpp(61,13): message : while trying to match the argument list '(std::basic_ostream<char,std::char_traits<char>>, sdds::Bus)'
C:\Users\Owner\OneDrive - Seneca\Desktop\Seneca\2nd\oop\workshop\OOP-Workshops\WS05\DIY\main.cpp(62,31): error C2440: '<function-style-cast>': cannot convert from 'sdds::Bus' to 'int'
C:\Users\Owner\OneDrive - Seneca\Desktop\Seneca\2nd\oop\workshop\OOP-Workshops\WS05\DIY\main.cpp(62,28): message : No user-defined-conversion operator available that can perform this conversion, or the operator cannot be called
C:\Users\Owner\OneDrive - Seneca\Desktop\Seneca\2nd\oop\workshop\OOP-Workshops\WS05\DIY\main.cpp(62,70): error C2440: '<function-style-cast>': cannot convert from 'sdds::Bus' to 'int'
C:\Users\Owner\OneDrive - Seneca\Desktop\Seneca\2nd\oop\workshop\OOP-Workshops\WS05\DIY\main.cpp(62,67): message : No user-defined-conversion operator available that can perform this conversion, or the operator cannot be called
C:\Users\Owner\OneDrive - Seneca\Desktop\Seneca\2nd\oop\workshop\OOP-Workshops\WS05\DIY\main.cpp(62,135): error C2676: binary '==': 'sdds::Bus' does not define this operator or a conversion to a type acceptable to the predefined operator
C:\Program Files\Microsoft Visual Studio\2022\Community\VC\Tools\MSVC\14.33.31629\include\memory(3527,17): message : could be 'bool std::operator ==(std::nullptr_t,const std::unique_ptr<_Ty,_Dx> &) noexcept'
C:\Users\Owner\OneDrive - Seneca\Desktop\Seneca\2nd\oop\workshop\OOP-Workshops\WS05\DIY\main.cpp(62,135): error C2784: 'bool std::operator ==(std::nullptr_t,const std::unique_ptr<_Ty,_Dx> &) noexcept': could not deduce template argument for 'const std::unique_ptr<_Ty,_Dx> &' from 'sdds::Bus'
C:\Program Files\Microsoft Visual Studio\2022\Community\VC\Tools\MSVC\14.33.31629\include\memory(3527): message : see declaration of 'std::operator =='
C:\Users\Owner\OneDrive - Seneca\Desktop\Seneca\2nd\oop\workshop\OOP-Workshops\WS05\DIY\main.cpp(62,135): error C2784: 'bool std::operator ==(const std::unique_ptr<_Ty,_Dx> &,std::nullptr_t) noexcept': could not deduce template argument for 'const std::unique_ptr<_Ty,_Dx> &' from 'sdds::Bus'
C:\Users\Owner\OneDrive - Seneca\Desktop\Seneca\2nd\oop\workshop\OOP-Workshops\WS05\DIY\main.cpp(62,135): error C2784: 'bool std::operator ==(const std::unique_ptr<_Ty,_Dx> &,const std::unique_ptr<_Ty2,_Dx2> &)': could not deduce template argument for 'const std::unique_ptr<_Ty,_Dx> &' from 'sdds::Bus'
C:\Users\Owner\OneDrive - Seneca\Desktop\Seneca\2nd\oop\workshop\OOP-Workshops\WS05\DIY\main.cpp(62,135): error C2784: 'bool std::operator ==(std::nullptr_t,const std::shared_ptr<_Ty> &) noexcept': could not deduce template argument for 'const std::shared_ptr<_Ty> &' from 'sdds::Bus'
C:\Users\Owner\OneDrive - Seneca\Desktop\Seneca\2nd\oop\workshop\OOP-Workshops\WS05\DIY\main.cpp(62,135): error C2784: 'bool std::operator ==(const std::shared_ptr<_Ty> &,std::nullptr_t) noexcept': could not deduce template argument for 'const std::shared_ptr<_Ty> &' from 'sdds::Bus'
C:\Users\Owner\OneDrive - Seneca\Desktop\Seneca\2nd\oop\workshop\OOP-Workshops\WS05\DIY\main.cpp(62,135): error C2784: 'bool std::operator ==(const std::shared_ptr<_Ty> &,const std::shared_ptr<_Ty0> &) noexcept': could not deduce template argument for 'const std::shared_ptr<_Ty> &' from 'sdds::Bus'
C:\Users\Owner\OneDrive - Seneca\Desktop\Seneca\2nd\oop\workshop\OOP-Workshops\WS05\DIY\main.cpp(62,135): error C2784: 'bool std::operator ==(const _Elem *const ,const std::basic_string<_Elem,_Traits,_Alloc> &)': could not deduce template argument for 'const _Elem *const ' from 'sdds::Bus'
C:\Users\Owner\OneDrive - Seneca\Desktop\Seneca\2nd\oop\workshop\OOP-Workshops\WS05\DIY\main.cpp(62,135): error C2784: 'bool std::operator ==(const std::basic_string<_Elem,_Traits,_Alloc> &,const _Elem *const )': could not deduce template argument for 'const std::basic_string<_Elem,_Traits,_Alloc> &' from 'sdds::Bus'
C:\Users\Owner\OneDrive - Seneca\Desktop\Seneca\2nd\oop\workshop\OOP-Workshops\WS05\DIY\main.cpp(62,135): error C2784: 'bool std::operator ==(const std::basic_string<_Elem,_Traits,_Alloc> &,const std::basic_string<_Elem,_Traits,_Alloc> &) noexcept': could not deduce template argument for 'const std::basic_string<_Elem,_Traits,_Alloc> &' from 'sdds::Bus'
C:\Users\Owner\OneDrive - Seneca\Desktop\Seneca\2nd\oop\workshop\OOP-Workshops\WS05\DIY\main.cpp(62,135): error C2784: 'bool std::operator ==(const std::allocator<_Ty> &,const std::allocator<_Other> &) noexcept': could not deduce template argument for 'const std::allocator<_Ty> &' from 'sdds::Bus'
C:\Users\Owner\OneDrive - Seneca\Desktop\Seneca\2nd\oop\workshop\OOP-Workshops\WS05\DIY\main.cpp(62,135): error C2784: 'bool std::operator ==(const std::istreambuf_iterator<_Elem,_Traits> &,const std::istreambuf_iterator<_Elem,_Traits> &)': could not deduce template argument for 'const std::istreambuf_iterator<_Elem,_Traits> &' from 'sdds::Bus'
C:\Users\Owner\OneDrive - Seneca\Desktop\Seneca\2nd\oop\workshop\OOP-Workshops\WS05\DIY\main.cpp(62,135): error C2784: 'bool std::operator ==(const std::istream_iterator<_Ty,_Elem,_Traits,_Diff> &,const std::istream_iterator<_Ty,_Elem,_Traits,_Diff> &) noexcept': could not deduce template argument for 'const std::istream_iterator<_Ty,_Elem,_Traits,_Diff> &' from 'sdds::Bus'
C:\Users\Owner\OneDrive - Seneca\Desktop\Seneca\2nd\oop\workshop\OOP-Workshops\WS05\DIY\main.cpp(62,135): error C2784: 'bool std::operator ==(const std::move_iterator<_Iter> &,const std::move_iterator<_Iter2> &)': could not deduce template argument for 'const std::move_iterator<_Iter> &' from 'sdds::Bus'
C:\Users\Owner\OneDrive - Seneca\Desktop\Seneca\2nd\oop\workshop\OOP-Workshops\WS05\DIY\main.cpp(62,135): error C2784: 'bool std::operator ==(const std::reverse_iterator<_BidIt> &,const std::reverse_iterator<_BidIt2> &)': could not deduce template argument for 'const std::reverse_iterator<_BidIt> &' from 'sdds::Bus'
C:\Users\Owner\OneDrive - Seneca\Desktop\Seneca\2nd\oop\workshop\OOP-Workshops\WS05\DIY\main.cpp(62,135): error C2784: 'bool std::operator ==(const std::pair<_Ty1,_Ty2> &,const std::pair<_Ty1,_Ty2> &)': could not deduce template argument for 'const std::pair<_Ty1,_Ty2> &' from 'sdds::Bus'
C:\Users\Owner\OneDrive - Seneca\Desktop\Seneca\2nd\oop\workshop\OOP-Workshops\WS05\DIY\main.cpp(63,31): error C2440: '<function-style-cast>': cannot convert from 'sdds::Bus' to 'int'
C:\Users\Owner\OneDrive - Seneca\Desktop\Seneca\2nd\oop\workshop\OOP-Workshops\WS05\DIY\main.cpp(63,28): message : No user-defined-conversion operator available that can perform this conversion, or the operator cannot be called
C:\Users\Owner\OneDrive - Seneca\Desktop\Seneca\2nd\oop\workshop\OOP-Workshops\WS05\DIY\main.cpp(63,70): error C2440: '<function-style-cast>': cannot convert from 'sdds::Bus' to 'int'
C:\Users\Owner\OneDrive - Seneca\Desktop\Seneca\2nd\oop\workshop\OOP-Workshops\WS05\DIY\main.cpp(63,67): message : No user-defined-conversion operator available that can perform this conversion, or the operator cannot be called
C:\Users\Owner\OneDrive - Seneca\Desktop\Seneca\2nd\oop\workshop\OOP-Workshops\WS05\DIY\main.cpp(63,135): error C2676: binary '==': 'sdds::Bus' does not define this operator or a conversion to a type acceptable to the predefined operator
C:\Program Files\Microsoft Visual Studio\2022\Community\VC\Tools\MSVC\14.33.31629\include\memory(3527,17): message : could be 'bool std::operator ==(std::nullptr_t,const std::unique_ptr<_Ty,_Dx> &) noexcept'
C:\Users\Owner\OneDrive - Seneca\Desktop\Seneca\2nd\oop\workshop\OOP-Workshops\WS05\DIY\main.cpp(63,135): error C2784: 'bool std::operator ==(std::nullptr_t,const std::unique_ptr<_Ty,_Dx> &) noexcept': could not deduce template argument for 'const std::unique_ptr<_Ty,_Dx> &' from 'sdds::Bus'
C:\Program Files\Microsoft Visual Studio\2022\Community\VC\Tools\MSVC\14.33.31629\include\memory(3527): message : see declaration of 'std::operator =='
C:\Users\Owner\OneDrive - Seneca\Desktop\Seneca\2nd\oop\workshop\OOP-Workshops\WS05\DIY\main.cpp(63,135): error C2784: 'bool std::operator ==(const std::unique_ptr<_Ty,_Dx> &,std::nullptr_t) noexcept': could not deduce template argument for 'const std::unique_ptr<_Ty,_Dx> &' from 'sdds::Bus'
C:\Users\Owner\OneDrive - Seneca\Desktop\Seneca\2nd\oop\workshop\OOP-Workshops\WS05\DIY\main.cpp(63,135): error C2784: 'bool std::operator ==(const std::unique_ptr<_Ty,_Dx> &,const std::unique_ptr<_Ty2,_Dx2> &)': could not deduce template argument for 'const std::unique_ptr<_Ty,_Dx> &' from 'sdds::Bus'
C:\Users\Owner\OneDrive - Seneca\Desktop\Seneca\2nd\oop\workshop\OOP-Workshops\WS05\DIY\main.cpp(63,135): error C2784: 'bool std::operator ==(std::nullptr_t,const std::shared_ptr<_Ty> &) noexcept': could not deduce template argument for 'const std::shared_ptr<_Ty> &' from 'sdds::Bus'
C:\Users\Owner\OneDrive - Seneca\Desktop\Seneca\2nd\oop\workshop\OOP-Workshops\WS05\DIY\main.cpp(63,135): error C2784: 'bool std::operator ==(const std::shared_ptr<_Ty> &,std::nullptr_t) noexcept': could not deduce template argument for 'const std::shared_ptr<_Ty> &' from 'sdds::Bus'
C:\Users\Owner\OneDrive - Seneca\Desktop\Seneca\2nd\oop\workshop\OOP-Workshops\WS05\DIY\main.cpp(63,135): error C2784: 'bool std::operator ==(const std::shared_ptr<_Ty> &,const std::shared_ptr<_Ty0> &) noexcept': could not deduce template argument for 'const std::shared_ptr<_Ty> &' from 'sdds::Bus'
C:\Users\Owner\OneDrive - Seneca\Desktop\Seneca\2nd\oop\workshop\OOP-Workshops\WS05\DIY\main.cpp(63,135): error C2784: 'bool std::operator ==(const _Elem *const ,const std::basic_string<_Elem,_Traits,_Alloc> &)': could not deduce template argument for 'const _Elem *const ' from 'sdds::Bus'
C:\Users\Owner\OneDrive - Seneca\Desktop\Seneca\2nd\oop\workshop\OOP-Workshops\WS05\DIY\main.cpp(63,135): error C2784: 'bool std::operator ==(const std::basic_string<_Elem,_Traits,_Alloc> &,const _Elem *const )': could not deduce template argument for 'const std::basic_string<_Elem,_Traits,_Alloc> &' from 'sdds::Bus'
C:\Users\Owner\OneDrive - Seneca\Desktop\Seneca\2nd\oop\workshop\OOP-Workshops\WS05\DIY\main.cpp(63,135): error C2784: 'bool std::operator ==(const std::basic_string<_Elem,_Traits,_Alloc> &,const std::basic_string<_Elem,_Traits,_Alloc> &) noexcept': could not deduce template argument for 'const std::basic_string<_Elem,_Traits,_Alloc> &' from 'sdds::Bus'
C:\Users\Owner\OneDrive - Seneca\Desktop\Seneca\2nd\oop\workshop\OOP-Workshops\WS05\DIY\main.cpp(63,135): error C2784: 'bool std::operator ==(const std::allocator<_Ty> &,const std::allocator<_Other> &) noexcept': could not deduce template argument for 'const std::allocator<_Ty> &' from 'sdds::Bus'
C:\Users\Owner\OneDrive - Seneca\Desktop\Seneca\2nd\oop\workshop\OOP-Workshops\WS05\DIY\main.cpp(63,135): error C2784: 'bool std::operator ==(const std::istreambuf_iterator<_Elem,_Traits> &,const std::istreambuf_iterator<_Elem,_Traits> &)': could not deduce template argument for 'const std::istreambuf_iterator<_Elem,_Traits> &' from 'sdds::Bus'
C:\Users\Owner\OneDrive - Seneca\Desktop\Seneca\2nd\oop\workshop\OOP-Workshops\WS05\DIY\main.cpp(63,135): error C2784: 'bool std::operator ==(const std::istream_iterator<_Ty,_Elem,_Traits,_Diff> &,const std::istream_iterator<_Ty,_Elem,_Traits,_Diff> &) noexcept': could not deduce template argument for 'const std::istream_iterator<_Ty,_Elem,_Traits,_Diff> &' from 'sdds::Bus'
C:\Users\Owner\OneDrive - Seneca\Desktop\Seneca\2nd\oop\workshop\OOP-Workshops\WS05\DIY\main.cpp(63,135): error C2784: 'bool std::operator ==(const std::move_iterator<_Iter> &,const std::move_iterator<_Iter2> &)': could not deduce template argument for 'const std::move_iterator<_Iter> &' from 'sdds::Bus'
C:\Users\Owner\OneDrive - Seneca\Desktop\Seneca\2nd\oop\workshop\OOP-Workshops\WS05\DIY\main.cpp(63,135): error C2784: 'bool std::operator ==(const std::reverse_iterator<_BidIt> &,const std::reverse_iterator<_BidIt2> &)': could not deduce template argument for 'const std::reverse_iterator<_BidIt> &' from 'sdds::Bus'
C:\Users\Owner\OneDrive - Seneca\Desktop\Seneca\2nd\oop\workshop\OOP-Workshops\WS05\DIY\main.cpp(63,135): error C2784: 'bool std::operator ==(const std::pair<_Ty1,_Ty2> &,const std::pair<_Ty1,_Ty2> &)': could not deduce template argument for 'const std::pair<_Ty1,_Ty2> &' from 'sdds::Bus'
C:\Users\Owner\OneDrive - Seneca\Desktop\Seneca\2nd\oop\workshop\OOP-Workshops\WS05\DIY\main.cpp(66,77): error C2440: '<function-style-cast>': cannot convert from 'sdds::Bus' to 'int'
C:\Users\Owner\OneDrive - Seneca\Desktop\Seneca\2nd\oop\workshop\OOP-Workshops\WS05\DIY\main.cpp(66,74): message : No user-defined-conversion operator available that can perform this conversion, or the operator cannot be called
C:\Users\Owner\OneDrive - Seneca\Desktop\Seneca\2nd\oop\workshop\OOP-Workshops\WS05\DIY\main.cpp(67,73): error C2677: binary '+': no global operator found which takes type 'sdds::Bus' (or there is no acceptable conversion)
C:\Program Files\Microsoft Visual Studio\2022\Community\VC\Tools\MSVC\14.33.31629\include\xstring(5069,62): message : could be 'std::basic_string<_Elem,_Traits,_Alloc> std::operator +(std::basic_string<_Elem,_Traits,_Alloc> &&,const _Elem)'
C:\Users\Owner\OneDrive - Seneca\Desktop\Seneca\2nd\oop\workshop\OOP-Workshops\WS05\DIY\main.cpp(67,73): error C2784: 'std::basic_string<_Elem,_Traits,_Alloc> std::operator +(std::basic_string<_Elem,_Traits,_Alloc> &&,const _Elem)': could not deduce template argument for 'std::basic_string<_Elem,_Traits,_Alloc> &&' from 'int'
C:\Program Files\Microsoft Visual Studio\2022\Community\VC\Tools\MSVC\14.33.31629\include\xstring(5069): message : see declaration of 'std::operator +'
C:\Users\Owner\OneDrive - Seneca\Desktop\Seneca\2nd\oop\workshop\OOP-Workshops\WS05\DIY\main.cpp(67,73): error C2784: 'std::basic_string<_Elem,_Traits,_Alloc> std::operator +(std::basic_string<_Elem,_Traits,_Alloc> &&,const _Elem *const )': could not deduce template argument for 'std::basic_string<_Elem,_Traits,_Alloc> &&' from 'int'
C:\Users\Owner\OneDrive - Seneca\Desktop\Seneca\2nd\oop\workshop\OOP-Workshops\WS05\DIY\main.cpp(67,73): error C2784: 'std::basic_string<_Elem,_Traits,_Alloc> std::operator +(const _Elem,std::basic_string<_Elem,_Traits,_Alloc> &&)': could not deduce template argument for 'std::basic_string<_Elem,_Traits,_Alloc> &&' from 'sdds::Bus'
C:\Users\Owner\OneDrive - Seneca\Desktop\Seneca\2nd\oop\workshop\OOP-Workshops\WS05\DIY\main.cpp(67,73): error C2784: 'std::basic_string<_Elem,_Traits,_Alloc> std::operator +(const _Elem *const ,std::basic_string<_Elem,_Traits,_Alloc> &&)': could not deduce template argument for 'const _Elem *const ' from 'int'
C:\Users\Owner\OneDrive - Seneca\Desktop\Seneca\2nd\oop\workshop\OOP-Workshops\WS05\DIY\main.cpp(67,73): error C2784: 'std::basic_string<_Elem,_Traits,_Alloc> std::operator +(std::basic_string<_Elem,_Traits,_Alloc> &&,std::basic_string<_Elem,_Traits,_Alloc> &&)': could not deduce template argument for 'std::basic_string<_Elem,_Traits,_Alloc> &&' from 'int'
C:\Users\Owner\OneDrive - Seneca\Desktop\Seneca\2nd\oop\workshop\OOP-Workshops\WS05\DIY\main.cpp(67,73): error C2784: 'std::basic_string<_Elem,_Traits,_Alloc> std::operator +(std::basic_string<_Elem,_Traits,_Alloc> &&,const std::basic_string<_Elem,_Traits,_Alloc> &)': could not deduce template argument for 'std::basic_string<_Elem,_Traits,_Alloc> &&' from 'int'
C:\Users\Owner\OneDrive - Seneca\Desktop\Seneca\2nd\oop\workshop\OOP-Workshops\WS05\DIY\main.cpp(67,73): error C2784: 'std::basic_string<_Elem,_Traits,_Alloc> std::operator +(const std::basic_string<_Elem,_Traits,_Alloc> &,std::basic_string<_Elem,_Traits,_Alloc> &&)': could not deduce template argument for 'const std::basic_string<_Elem,_Traits,_Alloc> &' from 'int'
C:\Users\Owner\OneDrive - Seneca\Desktop\Seneca\2nd\oop\workshop\OOP-Workshops\WS05\DIY\main.cpp(67,73): error C2784: 'std::basic_string<_Elem,_Traits,_Alloc> std::operator +(const std::basic_string<_Elem,_Traits,_Alloc> &,const _Elem)': could not deduce template argument for 'const std::basic_string<_Elem,_Traits,_Alloc> &' from 'int'
C:\Users\Owner\OneDrive - Seneca\Desktop\Seneca\2nd\oop\workshop\OOP-Workshops\WS05\DIY\main.cpp(67,73): error C2784: 'std::basic_string<_Elem,_Traits,_Alloc> std::operator +(const std::basic_string<_Elem,_Traits,_Alloc> &,const _Elem *const )': could not deduce template argument for 'const std::basic_string<_Elem,_Traits,_Alloc> &' from 'int'
C:\Users\Owner\OneDrive - Seneca\Desktop\Seneca\2nd\oop\workshop\OOP-Workshops\WS05\DIY\main.cpp(67,73): error C2784: 'std::basic_string<_Elem,_Traits,_Alloc> std::operator +(const _Elem,const std::basic_string<_Elem,_Traits,_Alloc> &)': could not deduce template argument for 'const std::basic_string<_Elem,_Traits,_Alloc> &' from 'sdds::Bus'
C:\Users\Owner\OneDrive - Seneca\Desktop\Seneca\2nd\oop\workshop\OOP-Workshops\WS05\DIY\main.cpp(67,73): error C2784: 'std::basic_string<_Elem,_Traits,_Alloc> std::operator +(const _Elem *const ,const std::basic_string<_Elem,_Traits,_Alloc> &)': could not deduce template argument for 'const _Elem *const ' from 'int'
C:\Users\Owner\OneDrive - Seneca\Desktop\Seneca\2nd\oop\workshop\OOP-Workshops\WS05\DIY\main.cpp(67,73): error C2784: 'std::basic_string<_Elem,_Traits,_Alloc> std::operator +(const std::basic_string<_Elem,_Traits,_Alloc> &,const std::basic_string<_Elem,_Traits,_Alloc> &)': could not deduce template argument for 'const std::basic_string<_Elem,_Traits,_Alloc> &' from 'int'
C:\Users\Owner\OneDrive - Seneca\Desktop\Seneca\2nd\oop\workshop\OOP-Workshops\WS05\DIY\main.cpp(67,73): error C2784: 'std::_String_iterator<_Mystr> std::operator +(_String_iterator<_Mystr>::difference_type,std::_String_iterator<_Mystr>) noexcept': could not deduce template argument for 'std::_String_iterator<_Mystr>' from 'sdds::Bus'
C:\Users\Owner\OneDrive - Seneca\Desktop\Seneca\2nd\oop\workshop\OOP-Workshops\WS05\DIY\main.cpp(67,73): error C2784: 'std::_String_const_iterator<_Mystr> std::operator +(_String_const_iterator<_Mystr>::difference_type,std::_String_const_iterator<_Mystr>) noexcept': could not deduce template argument for 'std::_String_const_iterator<_Mystr>' from 'sdds::Bus'
C:\Users\Owner\OneDrive - Seneca\Desktop\Seneca\2nd\oop\workshop\OOP-Workshops\WS05\DIY\main.cpp(67,73): error C2784: 'std::move_iterator<_Iter> std::operator +(move_iterator<_Iter>::difference_type,const std::move_iterator<_Iter> &)': could not deduce template argument for 'const std::move_iterator<_Iter> &' from 'sdds::Bus'
C:\Users\Owner\OneDrive - Seneca\Desktop\Seneca\2nd\oop\workshop\OOP-Workshops\WS05\DIY\main.cpp(67,73): error C2784: 'std::reverse_iterator<_BidIt> std::operator +(reverse_iterator<_BidIt>::difference_type,const std::reverse_iterator<_BidIt> &)': could not deduce template argument for 'const std::reverse_iterator<_BidIt> &' from 'sdds::Bus'
C:\Users\Owner\OneDrive - Seneca\Desktop\Seneca\2nd\oop\workshop\OOP-Workshops\WS05\DIY\main.cpp(70,16): error C2661: 'sdds::Bus::Bus': no overloaded function takes 2 arguments
C:\Users\Owner\OneDrive - Seneca\Desktop\Seneca\2nd\oop\workshop\OOP-Workshops\WS05\DIY\main.cpp(70,21): error C2248: 'sdds::Bus::Bus': cannot access private member declared in class 'sdds::Bus'
C:\Users\Owner\OneDrive - Seneca\Desktop\Seneca\2nd\oop\workshop\OOP-Workshops\WS05\DIY\Bus.h(17): message : see declaration of 'sdds::Bus::Bus'
C:\Users\Owner\OneDrive - Seneca\Desktop\Seneca\2nd\oop\workshop\OOP-Workshops\WS05\DIY\Bus.h(13): message : see declaration of 'sdds::Bus'
C:\Users\Owner\OneDrive - Seneca\Desktop\Seneca\2nd\oop\workshop\OOP-Workshops\WS05\DIY\main.cpp(72,28): error C2440: '<function-style-cast>': cannot convert from 'sdds::Bus' to 'int'
C:\Users\Owner\OneDrive - Seneca\Desktop\Seneca\2nd\oop\workshop\OOP-Workshops\WS05\DIY\main.cpp(72,25): message : No user-defined-conversion operator available that can perform this conversion, or the operator cannot be called
C:\Users\Owner\OneDrive - Seneca\Desktop\Seneca\2nd\oop\workshop\OOP-Workshops\WS05\DIY\main.cpp(73,28): error C2440: '<function-style-cast>': cannot convert from 'sdds::Bus' to 'int'
C:\Users\Owner\OneDrive - Seneca\Desktop\Seneca\2nd\oop\workshop\OOP-Workshops\WS05\DIY\main.cpp(73,25): message : No user-defined-conversion operator available that can perform this conversion, or the operator cannot be called
C:\Users\Owner\OneDrive - Seneca\Desktop\Seneca\2nd\oop\workshop\OOP-Workshops\WS05\DIY\main.cpp(75,18): error C2675: unary '--': 'sdds::Bus' does not define this operator or a conversion to a type acceptable to the predefined operator
C:\Users\Owner\OneDrive - Seneca\Desktop\Seneca\2nd\oop\workshop\OOP-Workshops\WS05\DIY\main.cpp(76,18): error C2675: unary '--': 'sdds::Bus' does not define this operator or a conversion to a type acceptable to the predefined operator
C:\Users\Owner\OneDrive - Seneca\Desktop\Seneca\2nd\oop\workshop\OOP-Workshops\WS05\DIY\main.cpp(77,28): error C2440: '<function-style-cast>': cannot convert from 'sdds::Bus' to 'int'
C:\Users\Owner\OneDrive - Seneca\Desktop\Seneca\2nd\oop\workshop\OOP-Workshops\WS05\DIY\main.cpp(77,25): message : No user-defined-conversion operator available that can perform this conversion, or the operator cannot be called
C:\Users\Owner\OneDrive - Seneca\Desktop\Seneca\2nd\oop\workshop\OOP-Workshops\WS05\DIY\main.cpp(78,28): error C2440: '<function-style-cast>': cannot convert from 'sdds::Bus' to 'int'
C:\Users\Owner\OneDrive - Seneca\Desktop\Seneca\2nd\oop\workshop\OOP-Workshops\WS05\DIY\main.cpp(78,25): message : No user-defined-conversion operator available that can perform this conversion, or the operator cannot be called
C:\Users\Owner\OneDrive - Seneca\Desktop\Seneca\2nd\oop\workshop\OOP-Workshops\WS05\DIY\main.cpp(81,18): error C2675: unary '++': 'sdds::Bus' does not define this operator or a conversion to a type acceptable to the predefined operator
C:\Users\Owner\OneDrive - Seneca\Desktop\Seneca\2nd\oop\workshop\OOP-Workshops\WS05\DIY\main.cpp(82,18): error C2675: unary '++': 'sdds::Bus' does not define this operator or a conversion to a type acceptable to the predefined operator
C:\Users\Owner\OneDrive - Seneca\Desktop\Seneca\2nd\oop\workshop\OOP-Workshops\WS05\DIY\main.cpp(83,18): error C2675: unary '++': 'sdds::Bus' does not define this operator or a conversion to a type acceptable to the predefined operator
C:\Users\Owner\OneDrive - Seneca\Desktop\Seneca\2nd\oop\workshop\OOP-Workshops\WS05\DIY\main.cpp(84,28): error C2440: '<function-style-cast>': cannot convert from 'sdds::Bus' to 'int'
C:\Users\Owner\OneDrive - Seneca\Desktop\Seneca\2nd\oop\workshop\OOP-Workshops\WS05\DIY\main.cpp(84,25): message : No user-defined-conversion operator available that can perform this conversion, or the operator cannot be called
C:\Users\Owner\OneDrive - Seneca\Desktop\Seneca\2nd\oop\workshop\OOP-Workshops\WS05\DIY\main.cpp(85,28): error C2440: '<function-style-cast>': cannot convert from 'sdds::Bus' to 'int'
C:\Users\Owner\OneDrive - Seneca\Desktop\Seneca\2nd\oop\workshop\OOP-Workshops\WS05\DIY\main.cpp(85,25): message : No user-defined-conversion operator available that can perform this conversion, or the operator cannot be called
C:\Users\Owner\OneDrive - Seneca\Desktop\Seneca\2nd\oop\workshop\OOP-Workshops\WS05\DIY\main.cpp(88,15): error C2676: binary '--': 'sdds::Bus' does not define this operator or a conversion to a type acceptable to the predefined operator
C:\Users\Owner\OneDrive - Seneca\Desktop\Seneca\2nd\oop\workshop\OOP-Workshops\WS05\DIY\main.cpp(89,15): error C2676: binary '--': 'sdds::Bus' does not define this operator or a conversion to a type acceptable to the predefined operator
C:\Users\Owner\OneDrive - Seneca\Desktop\Seneca\2nd\oop\workshop\OOP-Workshops\WS05\DIY\main.cpp(90,15): error C2676: binary '--': 'sdds::Bus' does not define this operator or a conversion to a type acceptable to the predefined operator
C:\Users\Owner\OneDrive - Seneca\Desktop\Seneca\2nd\oop\workshop\OOP-Workshops\WS05\DIY\main.cpp(91,28): error C2440: '<function-style-cast>': cannot convert from 'sdds::Bus' to 'int'
C:\Users\Owner\OneDrive - Seneca\Desktop\Seneca\2nd\oop\workshop\OOP-Workshops\WS05\DIY\main.cpp(91,25): message : No user-defined-conversion operator available that can perform this conversion, or the operator cannot be called
C:\Users\Owner\OneDrive - Seneca\Desktop\Seneca\2nd\oop\workshop\OOP-Workshops\WS05\DIY\main.cpp(92,28): error C2440: '<function-style-cast>': cannot convert from 'sdds::Bus' to 'int'
C:\Users\Owner\OneDrive - Seneca\Desktop\Seneca\2nd\oop\workshop\OOP-Workshops\WS05\DIY\main.cpp(92,25): message : No user-defined-conversion operator available that can perform this conversion, or the operator cannot be called
C:\Users\Owner\OneDrive - Seneca\Desktop\Seneca\2nd\oop\workshop\OOP-Workshops\WS05\DIY\main.cpp(95,15): error C2676: binary '++': 'sdds::Bus' does not define this operator or a conversion to a type acceptable to the predefined operator
C:\Users\Owner\OneDrive - Seneca\Desktop\Seneca\2nd\oop\workshop\OOP-Workshops\WS05\DIY\main.cpp(96,15): error C2676: binary '++': 'sdds::Bus' does not define this operator or a conversion to a type acceptable to the predefined operator
C:\Users\Owner\OneDrive - Seneca\Desktop\Seneca\2nd\oop\workshop\OOP-Workshops\WS05\DIY\main.cpp(97,15): error C2676: binary '++': 'sdds::Bus' does not define this operator or a conversion to a type acceptable to the predefined operator
C:\Users\Owner\OneDrive - Seneca\Desktop\Seneca\2nd\oop\workshop\OOP-Workshops\WS05\DIY\main.cpp(98,28): error C2440: '<function-style-cast>': cannot convert from 'sdds::Bus' to 'int'
C:\Users\Owner\OneDrive - Seneca\Desktop\Seneca\2nd\oop\workshop\OOP-Workshops\WS05\DIY\main.cpp(98,25): message : No user-defined-conversion operator available that can perform this conversion, or the operator cannot be called
C:\Users\Owner\OneDrive - Seneca\Desktop\Seneca\2nd\oop\workshop\OOP-Workshops\WS05\DIY\main.cpp(99,28): error C2440: '<function-style-cast>': cannot convert from 'sdds::Bus' to 'int'
C:\Users\Owner\OneDrive - Seneca\Desktop\Seneca\2nd\oop\workshop\OOP-Workshops\WS05\DIY\main.cpp(99,25): message : No user-defined-conversion operator available that can perform this conversion, or the operator cannot be called
C:\Users\Owner\OneDrive - Seneca\Desktop\Seneca\2nd\oop\workshop\OOP-Workshops\WS05\DIY\main.cpp(106,7): error C2248: 'sdds::Bus::Bus': cannot access private member declared in class 'sdds::Bus'
C:\Users\Owner\OneDrive - Seneca\Desktop\Seneca\2nd\oop\workshop\OOP-Workshops\WS05\DIY\Bus.h(17): message : see declaration of 'sdds::Bus::Bus'
C:\Users\Owner\OneDrive - Seneca\Desktop\Seneca\2nd\oop\workshop\OOP-Workshops\WS05\DIY\Bus.h(13): message : see declaration of 'sdds::Bus'
C:\Users\Owner\OneDrive - Seneca\Desktop\Seneca\2nd\oop\workshop\OOP-Workshops\WS05\DIY\main.cpp(107,7): error C2440: 'initializing': cannot convert from 'initializer list' to 'sdds::Bus'
C:\Users\Owner\OneDrive - Seneca\Desktop\Seneca\2nd\oop\workshop\OOP-Workshops\WS05\DIY\main.cpp(109,4): message : No constructor could take the source type, or constructor overload resolution was ambiguous
C:\Users\Owner\OneDrive - Seneca\Desktop\Seneca\2nd\oop\workshop\OOP-Workshops\WS05\DIY\main.cpp(108,7): error C2440: 'initializing': cannot convert from 'initializer list' to 'sdds::Bus'
C:\Users\Owner\OneDrive - Seneca\Desktop\Seneca\2nd\oop\workshop\OOP-Workshops\WS05\DIY\main.cpp(109,4): message : No constructor could take the source type, or constructor overload resolution was ambiguous
C:\Users\Owner\OneDrive - Seneca\Desktop\Seneca\2nd\oop\workshop\OOP-Workshops\WS05\DIY\main.cpp(114,17): error C2451: a conditional expression of type 'sdds::Bus' is not valid
C:\Users\Owner\OneDrive - Seneca\Desktop\Seneca\2nd\oop\workshop\OOP-Workshops\WS05\DIY\main.cpp(114,16): message : No user-defined-conversion operator available that can perform this conversion, or the operator cannot be called
C:\Users\Owner\OneDrive - Seneca\Desktop\Seneca\2nd\oop\workshop\OOP-Workshops\WS05\DIY\main.cpp(115,28): error C2440: '<function-style-cast>': cannot convert from 'sdds::Bus' to 'int'
C:\Users\Owner\OneDrive - Seneca\Desktop\Seneca\2nd\oop\workshop\OOP-Workshops\WS05\DIY\main.cpp(115,21): message : No user-defined-conversion operator available that can perform this conversion, or the operator cannot be called
C:\Users\Owner\OneDrive - Seneca\Desktop\Seneca\2nd\oop\workshop\OOP-Workshops\WS05\DIY\main.cpp(116,31): error C2440: '<function-style-cast>': cannot convert from 'sdds::Bus' to 'double'
C:\Users\Owner\OneDrive - Seneca\Desktop\Seneca\2nd\oop\workshop\OOP-Workshops\WS05\DIY\main.cpp(116,24): message : No user-defined-conversion operator available that can perform this conversion, or the operator cannot be called
C:\Users\Owner\OneDrive - Seneca\Desktop\Seneca\2nd\oop\workshop\OOP-Workshops\WS05\DIY\main.cpp(127,7): error C2248: 'sdds::Bus::Bus': cannot access private member declared in class 'sdds::Bus'
C:\Users\Owner\OneDrive - Seneca\Desktop\Seneca\2nd\oop\workshop\OOP-Workshops\WS05\DIY\Bus.h(17): message : see declaration of 'sdds::Bus::Bus'
C:\Users\Owner\OneDrive - Seneca\Desktop\Seneca\2nd\oop\workshop\OOP-Workshops\WS05\DIY\Bus.h(13): message : see declaration of 'sdds::Bus'
C:\Users\Owner\OneDrive - Seneca\Desktop\Seneca\2nd\oop\workshop\OOP-Workshops\WS05\DIY\main.cpp(128,7): error C2440: 'initializing': cannot convert from 'initializer list' to 'sdds::Bus'
C:\Users\Owner\OneDrive - Seneca\Desktop\Seneca\2nd\oop\workshop\OOP-Workshops\WS05\DIY\main.cpp(132,4): message : No constructor could take the source type, or constructor overload resolution was ambiguous
C:\Users\Owner\OneDrive - Seneca\Desktop\Seneca\2nd\oop\workshop\OOP-Workshops\WS05\DIY\main.cpp(129,7): error C2440: 'initializing': cannot convert from 'initializer list' to 'sdds::Bus'
C:\Users\Owner\OneDrive - Seneca\Desktop\Seneca\2nd\oop\workshop\OOP-Workshops\WS05\DIY\main.cpp(132,4): message : No constructor could take the source type, or constructor overload resolution was ambiguous
C:\Users\Owner\OneDrive - Seneca\Desktop\Seneca\2nd\oop\workshop\OOP-Workshops\WS05\DIY\main.cpp(130,7): error C2440: 'initializing': cannot convert from 'initializer list' to 'sdds::Bus'
C:\Users\Owner\OneDrive - Seneca\Desktop\Seneca\2nd\oop\workshop\OOP-Workshops\WS05\DIY\main.cpp(132,4): message : No constructor could take the source type, or constructor overload resolution was ambiguous
C:\Users\Owner\OneDrive - Seneca\Desktop\Seneca\2nd\oop\workshop\OOP-Workshops\WS05\DIY\main.cpp(131,7): error C2440: 'initializing': cannot convert from 'initializer list' to 'sdds::Bus'
C:\Users\Owner\OneDrive - Seneca\Desktop\Seneca\2nd\oop\workshop\OOP-Workshops\WS05\DIY\main.cpp(132,4): message : No constructor could take the source type, or constructor overload resolution was ambiguous
C:\Users\Owner\OneDrive - Seneca\Desktop\Seneca\2nd\oop\workshop\OOP-Workshops\WS05\DIY\main.cpp(134,22): error C2679: binary '<<': no operator found which takes a right-hand operand of type 'sdds::Bus' (or there is no acceptable conversion)
C:\Program Files\Microsoft Visual Studio\2022\Community\VC\Tools\MSVC\14.33.31629\include\ostream(475,39): message : could be 'std::basic_ostream<char,std::char_traits<char>> &std::basic_ostream<char,std::char_traits<char>>::operator <<(std::basic_streambuf<char,std::char_traits<char>> *)'
C:\Program Files\Microsoft Visual Studio\2022\Community\VC\Tools\MSVC\14.33.31629\include\ostream(443,39): message : or       'std::basic_ostream<char,std::char_traits<char>> &std::basic_ostream<char,std::char_traits<char>>::operator <<(const void *)'
C:\Program Files\Microsoft Visual Studio\2022\Community\VC\Tools\MSVC\14.33.31629\include\ostream(425,39): message : or       'std::basic_ostream<char,std::char_traits<char>> &std::basic_ostream<char,std::char_traits<char>>::operator <<(long double)'
C:\Program Files\Microsoft Visual Studio\2022\Community\VC\Tools\MSVC\14.33.31629\include\ostream(407,39): message : or       'std::basic_ostream<char,std::char_traits<char>> &std::basic_ostream<char,std::char_traits<char>>::operator <<(double)'
C:\Program Files\Microsoft Visual Studio\2022\Community\VC\Tools\MSVC\14.33.31629\include\ostream(389,39): message : or       'std::basic_ostream<char,std::char_traits<char>> &std::basic_ostream<char,std::char_traits<char>>::operator <<(float)'
C:\Program Files\Microsoft Visual Studio\2022\Community\VC\Tools\MSVC\14.33.31629\include\ostream(371,39): message : or       'std::basic_ostream<char,std::char_traits<char>> &std::basic_ostream<char,std::char_traits<char>>::operator <<(unsigned __int64)'
C:\Program Files\Microsoft Visual Studio\2022\Community\VC\Tools\MSVC\14.33.31629\include\ostream(353,39): message : or       'std::basic_ostream<char,std::char_traits<char>> &std::basic_ostream<char,std::char_traits<char>>::operator <<(__int64)'
C:\Program Files\Microsoft Visual Studio\2022\Community\VC\Tools\MSVC\14.33.31629\include\ostream(335,39): message : or       'std::basic_ostream<char,std::char_traits<char>> &std::basic_ostream<char,std::char_traits<char>>::operator <<(unsigned long)'
C:\Program Files\Microsoft Visual Studio\2022\Community\VC\Tools\MSVC\14.33.31629\include\ostream(317,39): message : or       'std::basic_ostream<char,std::char_traits<char>> &std::basic_ostream<char,std::char_traits<char>>::operator <<(long)'
C:\Program Files\Microsoft Visual Studio\2022\Community\VC\Tools\MSVC\14.33.31629\include\ostream(298,39): message : or       'std::basic_ostream<char,std::char_traits<char>> &std::basic_ostream<char,std::char_traits<char>>::operator <<(unsigned int)'
C:\Program Files\Microsoft Visual Studio\2022\Community\VC\Tools\MSVC\14.33.31629\include\ostream(272,39): message : or       'std::basic_ostream<char,std::char_traits<char>> &std::basic_ostream<char,std::char_traits<char>>::operator <<(int)'
C:\Program Files\Microsoft Visual Studio\2022\Community\VC\Tools\MSVC\14.33.31629\include\ostream(253,39): message : or       'std::basic_ostream<char,std::char_traits<char>> &std::basic_ostream<char,std::char_traits<char>>::operator <<(unsigned short)'
C:\Program Files\Microsoft Visual Studio\2022\Community\VC\Tools\MSVC\14.33.31629\include\ostream(219,39): message : or       'std::basic_ostream<char,std::char_traits<char>> &std::basic_ostream<char,std::char_traits<char>>::operator <<(short)'
C:\Program Files\Microsoft Visual Studio\2022\Community\VC\Tools\MSVC\14.33.31629\include\ostream(201,39): message : or       'std::basic_ostream<char,std::char_traits<char>> &std::basic_ostream<char,std::char_traits<char>>::operator <<(bool)'
C:\Program Files\Microsoft Visual Studio\2022\Community\VC\Tools\MSVC\14.33.31629\include\ostream(195,39): message : or       'std::basic_ostream<char,std::char_traits<char>> &std::basic_ostream<char,std::char_traits<char>>::operator <<(std::ios_base &(__cdecl *)(std::ios_base &))'
C:\Program Files\Microsoft Visual Studio\2022\Community\VC\Tools\MSVC\14.33.31629\include\ostream(189,39): message : or       'std::basic_ostream<char,std::char_traits<char>> &std::basic_ostream<char,std::char_traits<char>>::operator <<(std::basic_ios<char,std::char_traits<char>> &(__cdecl *)(std::basic_ios<char,std::char_traits<char>> &))'
C:\Program Files\Microsoft Visual Studio\2022\Community\VC\Tools\MSVC\14.33.31629\include\ostream(184,39): message : or       'std::basic_ostream<char,std::char_traits<char>> &std::basic_ostream<char,std::char_traits<char>>::operator <<(std::basic_ostream<char,std::char_traits<char>> &(__cdecl *)(std::basic_ostream<char,std::char_traits<char>> &))'
C:\Users\Owner\OneDrive - Seneca\Desktop\Seneca\2nd\oop\workshop\OOP-Workshops\WS05\DIY\main.cpp(134,22): message : while trying to match the argument list '(std::ostream, sdds::Bus)'
C:\Users\Owner\OneDrive - Seneca\Desktop\Seneca\2nd\oop\workshop\OOP-Workshops\WS05\DIY\main.cpp(137,17): error C2679: binary '>>': no operator found which takes a right-hand operand of type 'sdds::Bus' (or there is no acceptable conversion)
C:\Program Files\Microsoft Visual Studio\2022\Community\VC\Tools\MSVC\14.33.31629\include\istream(299,39): message : could be 'std::basic_istream<char,std::char_traits<char>> &std::basic_istream<char,std::char_traits<char>>::operator >>(std::basic_streambuf<char,std::char_traits<char>> *)'
C:\Program Files\Microsoft Visual Studio\2022\Community\VC\Tools\MSVC\14.33.31629\include\istream(295,39): message : or       'std::basic_istream<char,std::char_traits<char>> &std::basic_istream<char,std::char_traits<char>>::operator >>(void *&)'
C:\Program Files\Microsoft Visual Studio\2022\Community\VC\Tools\MSVC\14.33.31629\include\istream(291,39): message : or       'std::basic_istream<char,std::char_traits<char>> &std::basic_istream<char,std::char_traits<char>>::operator >>(long double &)'
C:\Program Files\Microsoft Visual Studio\2022\Community\VC\Tools\MSVC\14.33.31629\include\istream(287,39): message : or       'std::basic_istream<char,std::char_traits<char>> &std::basic_istream<char,std::char_traits<char>>::operator >>(double &)'
C:\Program Files\Microsoft Visual Studio\2022\Community\VC\Tools\MSVC\14.33.31629\include\istream(283,39): message : or       'std::basic_istream<char,std::char_traits<char>> &std::basic_istream<char,std::char_traits<char>>::operator >>(float &)'
C:\Program Files\Microsoft Visual Studio\2022\Community\VC\Tools\MSVC\14.33.31629\include\istream(279,39): message : or       'std::basic_istream<char,std::char_traits<char>> &std::basic_istream<char,std::char_traits<char>>::operator >>(unsigned __int64 &)'
C:\Program Files\Microsoft Visual Studio\2022\Community\VC\Tools\MSVC\14.33.31629\include\istream(275,39): message : or       'std::basic_istream<char,std::char_traits<char>> &std::basic_istream<char,std::char_traits<char>>::operator >>(__int64 &)'
C:\Program Files\Microsoft Visual Studio\2022\Community\VC\Tools\MSVC\14.33.31629\include\istream(271,39): message : or       'std::basic_istream<char,std::char_traits<char>> &std::basic_istream<char,std::char_traits<char>>::operator >>(unsigned long &)'
C:\Program Files\Microsoft Visual Studio\2022\Community\VC\Tools\MSVC\14.33.31629\include\istream(267,39): message : or       'std::basic_istream<char,std::char_traits<char>> &std::basic_istream<char,std::char_traits<char>>::operator >>(long &)'
C:\Program Files\Microsoft Visual Studio\2022\Community\VC\Tools\MSVC\14.33.31629\include\istream(263,39): message : or       'std::basic_istream<char,std::char_traits<char>> &std::basic_istream<char,std::char_traits<char>>::operator >>(unsigned int &)'
C:\Program Files\Microsoft Visual Studio\2022\Community\VC\Tools\MSVC\14.33.31629\include\istream(255,39): message : or       'std::basic_istream<char,std::char_traits<char>> &std::basic_istream<char,std::char_traits<char>>::operator >>(int &)'
C:\Program Files\Microsoft Visual Studio\2022\Community\VC\Tools\MSVC\14.33.31629\include\istream(251,39): message : or       'std::basic_istream<char,std::char_traits<char>> &std::basic_istream<char,std::char_traits<char>>::operator >>(unsigned short &)'
C:\Program Files\Microsoft Visual Studio\2022\Community\VC\Tools\MSVC\14.33.31629\include\istream(219,39): message : or       'std::basic_istream<char,std::char_traits<char>> &std::basic_istream<char,std::char_traits<char>>::operator >>(short &)'
C:\Program Files\Microsoft Visual Studio\2022\Community\VC\Tools\MSVC\14.33.31629\include\istream(215,39): message : or       'std::basic_istream<char,std::char_traits<char>> &std::basic_istream<char,std::char_traits<char>>::operator >>(bool &)'
C:\Program Files\Microsoft Visual Studio\2022\Community\VC\Tools\MSVC\14.33.31629\include\istream(186,39): message : or       'std::basic_istream<char,std::char_traits<char>> &std::basic_istream<char,std::char_traits<char>>::operator >>(std::ios_base &(__cdecl *)(std::ios_base &))'
C:\Program Files\Microsoft Visual Studio\2022\Community\VC\Tools\MSVC\14.33.31629\include\istream(181,39): message : or       'std::basic_istream<char,std::char_traits<char>> &std::basic_istream<char,std::char_traits<char>>::operator >>(std::basic_ios<char,std::char_traits<char>> &(__cdecl *)(std::basic_ios<char,std::char_traits<char>> &))'
C:\Program Files\Microsoft Visual Studio\2022\Community\VC\Tools\MSVC\14.33.31629\include\istream(176,39): message : or       'std::basic_istream<char,std::char_traits<char>> &std::basic_istream<char,std::char_traits<char>>::operator >>(std::basic_istream<char,std::char_traits<char>> &(__cdecl *)(std::basic_istream<char,std::char_traits<char>> &))'
C:\Users\Owner\OneDrive - Seneca\Desktop\Seneca\2nd\oop\workshop\OOP-Workshops\WS05\DIY\main.cpp(137,17): message : while trying to match the argument list '(std::istream, sdds::Bus)'
C:\Users\Owner\OneDrive - Seneca\Desktop\Seneca\2nd\oop\workshop\OOP-Workshops\WS05\DIY\main.cpp(138,19): error C2679: binary '<<': no operator found which takes a right-hand operand of type 'sdds::Bus' (or there is no acceptable conversion)
C:\Program Files\Microsoft Visual Studio\2022\Community\VC\Tools\MSVC\14.33.31629\include\ostream(475,39): message : could be 'std::basic_ostream<char,std::char_traits<char>> &std::basic_ostream<char,std::char_traits<char>>::operator <<(std::basic_streambuf<char,std::char_traits<char>> *)'
C:\Program Files\Microsoft Visual Studio\2022\Community\VC\Tools\MSVC\14.33.31629\include\ostream(443,39): message : or       'std::basic_ostream<char,std::char_traits<char>> &std::basic_ostream<char,std::char_traits<char>>::operator <<(const void *)'
C:\Program Files\Microsoft Visual Studio\2022\Community\VC\Tools\MSVC\14.33.31629\include\ostream(425,39): message : or       'std::basic_ostream<char,std::char_traits<char>> &std::basic_ostream<char,std::char_traits<char>>::operator <<(long double)'
C:\Program Files\Microsoft Visual Studio\2022\Community\VC\Tools\MSVC\14.33.31629\include\ostream(407,39): message : or       'std::basic_ostream<char,std::char_traits<char>> &std::basic_ostream<char,std::char_traits<char>>::operator <<(double)'
C:\Program Files\Microsoft Visual Studio\2022\Community\VC\Tools\MSVC\14.33.31629\include\ostream(389,39): message : or       'std::basic_ostream<char,std::char_traits<char>> &std::basic_ostream<char,std::char_traits<char>>::operator <<(float)'
C:\Program Files\Microsoft Visual Studio\2022\Community\VC\Tools\MSVC\14.33.31629\include\ostream(371,39): message : or       'std::basic_ostream<char,std::char_traits<char>> &std::basic_ostream<char,std::char_traits<char>>::operator <<(unsigned __int64)'
C:\Program Files\Microsoft Visual Studio\2022\Community\VC\Tools\MSVC\14.33.31629\include\ostream(353,39): message : or       'std::basic_ostream<char,std::char_traits<char>> &std::basic_ostream<char,std::char_traits<char>>::operator <<(__int64)'
C:\Program Files\Microsoft Visual Studio\2022\Community\VC\Tools\MSVC\14.33.31629\include\ostream(335,39): message : or       'std::basic_ostream<char,std::char_traits<char>> &std::basic_ostream<char,std::char_traits<char>>::operator <<(unsigned long)'
C:\Program Files\Microsoft Visual Studio\2022\Community\VC\Tools\MSVC\14.33.31629\include\ostream(317,39): message : or       'std::basic_ostream<char,std::char_traits<char>> &std::basic_ostream<char,std::char_traits<char>>::operator <<(long)'
C:\Program Files\Microsoft Visual Studio\2022\Community\VC\Tools\MSVC\14.33.31629\include\ostream(298,39): message : or       'std::basic_ostream<char,std::char_traits<char>> &std::basic_ostream<char,std::char_traits<char>>::operator <<(unsigned int)'
C:\Program Files\Microsoft Visual Studio\2022\Community\VC\Tools\MSVC\14.33.31629\include\ostream(272,39): message : or       'std::basic_ostream<char,std::char_traits<char>> &std::basic_ostream<char,std::char_traits<char>>::operator <<(int)'
C:\Program Files\Microsoft Visual Studio\2022\Community\VC\Tools\MSVC\14.33.31629\include\ostream(253,39): message : or       'std::basic_ostream<char,std::char_traits<char>> &std::basic_ostream<char,std::char_traits<char>>::operator <<(unsigned short)'
C:\Program Files\Microsoft Visual Studio\2022\Community\VC\Tools\MSVC\14.33.31629\include\ostream(219,39): message : or       'std::basic_ostream<char,std::char_traits<char>> &std::basic_ostream<char,std::char_traits<char>>::operator <<(short)'
C:\Program Files\Microsoft Visual Studio\2022\Community\VC\Tools\MSVC\14.33.31629\include\ostream(201,39): message : or       'std::basic_ostream<char,std::char_traits<char>> &std::basic_ostream<char,std::char_traits<char>>::operator <<(bool)'
C:\Program Files\Microsoft Visual Studio\2022\Community\VC\Tools\MSVC\14.33.31629\include\ostream(195,39): message : or       'std::basic_ostream<char,std::char_traits<char>> &std::basic_ostream<char,std::char_traits<char>>::operator <<(std::ios_base &(__cdecl *)(std::ios_base &))'
C:\Program Files\Microsoft Visual Studio\2022\Community\VC\Tools\MSVC\14.33.31629\include\ostream(189,39): message : or       'std::basic_ostream<char,std::char_traits<char>> &std::basic_ostream<char,std::char_traits<char>>::operator <<(std::basic_ios<char,std::char_traits<char>> &(__cdecl *)(std::basic_ios<char,std::char_traits<char>> &))'
C:\Program Files\Microsoft Visual Studio\2022\Community\VC\Tools\MSVC\14.33.31629\include\ostream(184,39): message : or       'std::basic_ostream<char,std::char_traits<char>> &std::basic_ostream<char,std::char_traits<char>>::operator <<(std::basic_ostream<char,std::char_traits<char>> &(__cdecl *)(std::basic_ostream<char,std::char_traits<char>> &))'
C:\Users\Owner\OneDrive - Seneca\Desktop\Seneca\2nd\oop\workshop\OOP-Workshops\WS05\DIY\main.cpp(138,19): message : while trying to match the argument list '(std::ostream, sdds::Bus)'
C:\Users\Owner\OneDrive - Seneca\Desktop\Seneca\2nd\oop\workshop\OOP-Workshops\WS05\DIY\main.cpp(140,17): error C2679: binary '>>': no operator found which takes a right-hand operand of type 'sdds::Bus' (or there is no acceptable conversion)
C:\Program Files\Microsoft Visual Studio\2022\Community\VC\Tools\MSVC\14.33.31629\include\istream(299,39): message : could be 'std::basic_istream<char,std::char_traits<char>> &std::basic_istream<char,std::char_traits<char>>::operator >>(std::basic_streambuf<char,std::char_traits<char>> *)'
C:\Program Files\Microsoft Visual Studio\2022\Community\VC\Tools\MSVC\14.33.31629\include\istream(295,39): message : or       'std::basic_istream<char,std::char_traits<char>> &std::basic_istream<char,std::char_traits<char>>::operator >>(void *&)'
C:\Program Files\Microsoft Visual Studio\2022\Community\VC\Tools\MSVC\14.33.31629\include\istream(291,39): message : or       'std::basic_istream<char,std::char_traits<char>> &std::basic_istream<char,std::char_traits<char>>::operator >>(long double &)'
C:\Program Files\Microsoft Visual Studio\2022\Community\VC\Tools\MSVC\14.33.31629\include\istream(287,39): message : or       'std::basic_istream<char,std::char_traits<char>> &std::basic_istream<char,std::char_traits<char>>::operator >>(double &)'
C:\Program Files\Microsoft Visual Studio\2022\Community\VC\Tools\MSVC\14.33.31629\include\istream(283,39): message : or       'std::basic_istream<char,std::char_traits<char>> &std::basic_istream<char,std::char_traits<char>>::operator >>(float &)'
C:\Program Files\Microsoft Visual Studio\2022\Community\VC\Tools\MSVC\14.33.31629\include\istream(279,39): message : or       'std::basic_istream<char,std::char_traits<char>> &std::basic_istream<char,std::char_traits<char>>::operator >>(unsigned __int64 &)'
C:\Program Files\Microsoft Visual Studio\2022\Community\VC\Tools\MSVC\14.33.31629\include\istream(275,39): message : or       'std::basic_istream<char,std::char_traits<char>> &std::basic_istream<char,std::char_traits<char>>::operator >>(__int64 &)'
C:\Program Files\Microsoft Visual Studio\2022\Community\VC\Tools\MSVC\14.33.31629\include\istream(271,39): message : or       'std::basic_istream<char,std::char_traits<char>> &std::basic_istream<char,std::char_traits<char>>::operator >>(unsigned long &)'
C:\Program Files\Microsoft Visual Studio\2022\Community\VC\Tools\MSVC\14.33.31629\include\istream(267,39): message : or       'std::basic_istream<char,std::char_traits<char>> &std::basic_istream<char,std::char_traits<char>>::operator >>(long &)'
C:\Program Files\Microsoft Visual Studio\2022\Community\VC\Tools\MSVC\14.33.31629\include\istream(263,39): message : or       'std::basic_istream<char,std::char_traits<char>> &std::basic_istream<char,std::char_traits<char>>::operator >>(unsigned int &)'
C:\Program Files\Microsoft Visual Studio\2022\Community\VC\Tools\MSVC\14.33.31629\include\istream(255,39): message : or       'std::basic_istream<char,std::char_traits<char>> &std::basic_istream<char,std::char_traits<char>>::operator >>(int &)'
C:\Program Files\Microsoft Visual Studio\2022\Community\VC\Tools\MSVC\14.33.31629\include\istream(251,39): message : or       'std::basic_istream<char,std::char_traits<char>> &std::basic_istream<char,std::char_traits<char>>::operator >>(unsigned short &)'
C:\Program Files\Microsoft Visual Studio\2022\Community\VC\Tools\MSVC\14.33.31629\include\istream(219,39): message : or       'std::basic_istream<char,std::char_traits<char>> &std::basic_istream<char,std::char_traits<char>>::operator >>(short &)'
C:\Program Files\Microsoft Visual Studio\2022\Community\VC\Tools\MSVC\14.33.31629\include\istream(215,39): message : or       'std::basic_istream<char,std::char_traits<char>> &std::basic_istream<char,std::char_traits<char>>::operator >>(bool &)'
C:\Program Files\Microsoft Visual Studio\2022\Community\VC\Tools\MSVC\14.33.31629\include\istream(186,39): message : or       'std::basic_istream<char,std::char_traits<char>> &std::basic_istream<char,std::char_traits<char>>::operator >>(std::ios_base &(__cdecl *)(std::ios_base &))'
C:\Program Files\Microsoft Visual Studio\2022\Community\VC\Tools\MSVC\14.33.31629\include\istream(181,39): message : or       'std::basic_istream<char,std::char_traits<char>> &std::basic_istream<char,std::char_traits<char>>::operator >>(std::basic_ios<char,std::char_traits<char>> &(__cdecl *)(std::basic_ios<char,std::char_traits<char>> &))'
C:\Program Files\Microsoft Visual Studio\2022\Community\VC\Tools\MSVC\14.33.31629\include\istream(176,39): message : or       'std::basic_istream<char,std::char_traits<char>> &std::basic_istream<char,std::char_traits<char>>::operator >>(std::basic_istream<char,std::char_traits<char>> &(__cdecl *)(std::basic_istream<char,std::char_traits<char>> &))'
C:\Users\Owner\OneDrive - Seneca\Desktop\Seneca\2nd\oop\workshop\OOP-Workshops\WS05\DIY\main.cpp(140,17): message : while trying to match the argument list '(std::istream, sdds::Bus)'
C:\Users\Owner\OneDrive - Seneca\Desktop\Seneca\2nd\oop\workshop\OOP-Workshops\WS05\DIY\main.cpp(141,19): error C2679: binary '<<': no operator found which takes a right-hand operand of type 'sdds::Bus' (or there is no acceptable conversion)
C:\Program Files\Microsoft Visual Studio\2022\Community\VC\Tools\MSVC\14.33.31629\include\ostream(475,39): message : could be 'std::basic_ostream<char,std::char_traits<char>> &std::basic_ostream<char,std::char_traits<char>>::operator <<(std::basic_streambuf<char,std::char_traits<char>> *)'
C:\Program Files\Microsoft Visual Studio\2022\Community\VC\Tools\MSVC\14.33.31629\include\ostream(443,39): message : or       'std::basic_ostream<char,std::char_traits<char>> &std::basic_ostream<char,std::char_traits<char>>::operator <<(const void *)'
C:\Program Files\Microsoft Visual Studio\2022\Community\VC\Tools\MSVC\14.33.31629\include\ostream(425,39): message : or       'std::basic_ostream<char,std::char_traits<char>> &std::basic_ostream<char,std::char_traits<char>>::operator <<(long double)'
C:\Program Files\Microsoft Visual Studio\2022\Community\VC\Tools\MSVC\14.33.31629\include\ostream(407,39): message : or       'std::basic_ostream<char,std::char_traits<char>> &std::basic_ostream<char,std::char_traits<char>>::operator <<(double)'
C:\Program Files\Microsoft Visual Studio\2022\Community\VC\Tools\MSVC\14.33.31629\include\ostream(389,39): message : or       'std::basic_ostream<char,std::char_traits<char>> &std::basic_ostream<char,std::char_traits<char>>::operator <<(float)'
C:\Program Files\Microsoft Visual Studio\2022\Community\VC\Tools\MSVC\14.33.31629\include\ostream(371,39): message : or       'std::basic_ostream<char,std::char_traits<char>> &std::basic_ostream<char,std::char_traits<char>>::operator <<(unsigned __int64)'
C:\Program Files\Microsoft Visual Studio\2022\Community\VC\Tools\MSVC\14.33.31629\include\ostream(353,39): message : or       'std::basic_ostream<char,std::char_traits<char>> &std::basic_ostream<char,std::char_traits<char>>::operator <<(__int64)'
C:\Program Files\Microsoft Visual Studio\2022\Community\VC\Tools\MSVC\14.33.31629\include\ostream(335,39): message : or       'std::basic_ostream<char,std::char_traits<char>> &std::basic_ostream<char,std::char_traits<char>>::operator <<(unsigned long)'
C:\Program Files\Microsoft Visual Studio\2022\Community\VC\Tools\MSVC\14.33.31629\include\ostream(317,39): message : or       'std::basic_ostream<char,std::char_traits<char>> &std::basic_ostream<char,std::char_traits<char>>::operator <<(long)'
C:\Program Files\Microsoft Visual Studio\2022\Community\VC\Tools\MSVC\14.33.31629\include\ostream(298,39): message : or       'std::basic_ostream<char,std::char_traits<char>> &std::basic_ostream<char,std::char_traits<char>>::operator <<(unsigned int)'
C:\Program Files\Microsoft Visual Studio\2022\Community\VC\Tools\MSVC\14.33.31629\include\ostream(272,39): message : or       'std::basic_ostream<char,std::char_traits<char>> &std::basic_ostream<char,std::char_traits<char>>::operator <<(int)'
C:\Program Files\Microsoft Visual Studio\2022\Community\VC\Tools\MSVC\14.33.31629\include\ostream(253,39): message : or       'std::basic_ostream<char,std::char_traits<char>> &std::basic_ostream<char,std::char_traits<char>>::operator <<(unsigned short)'
C:\Program Files\Microsoft Visual Studio\2022\Community\VC\Tools\MSVC\14.33.31629\include\ostream(219,39): message : or       'std::basic_ostream<char,std::char_traits<char>> &std::basic_ostream<char,std::char_traits<char>>::operator <<(short)'
C:\Program Files\Microsoft Visual Studio\2022\Community\VC\Tools\MSVC\14.33.31629\include\ostream(201,39): message : or       'std::basic_ostream<char,std::char_traits<char>> &std::basic_ostream<char,std::char_traits<char>>::operator <<(bool)'
C:\Program Files\Microsoft Visual Studio\2022\Community\VC\Tools\MSVC\14.33.31629\include\ostream(195,39): message : or       'std::basic_ostream<char,std::char_traits<char>> &std::basic_ostream<char,std::char_traits<char>>::operator <<(std::ios_base &(__cdecl *)(std::ios_base &))'
C:\Program Files\Microsoft Visual Studio\2022\Community\VC\Tools\MSVC\14.33.31629\include\ostream(189,39): message : or       'std::basic_ostream<char,std::char_traits<char>> &std::basic_ostream<char,std::char_traits<char>>::operator <<(std::basic_ios<char,std::char_traits<char>> &(__cdecl *)(std::basic_ios<char,std::char_traits<char>> &))'
C:\Program Files\Microsoft Visual Studio\2022\Community\VC\Tools\MSVC\14.33.31629\include\ostream(184,39): message : or       'std::basic_ostream<char,std::char_traits<char>> &std::basic_ostream<char,std::char_traits<char>>::operator <<(std::basic_ostream<char,std::char_traits<char>> &(__cdecl *)(std::basic_ostream<char,std::char_traits<char>> &))'
C:\Users\Owner\OneDrive - Seneca\Desktop\Seneca\2nd\oop\workshop\OOP-Workshops\WS05\DIY\main.cpp(141,19): message : while trying to match the argument list '(std::ostream, sdds::Bus)'
C:\Users\Owner\OneDrive - Seneca\Desktop\Seneca\2nd\oop\workshop\OOP-Workshops\WS05\DIY\main.cpp(143,17): error C2679: binary '>>': no operator found which takes a right-hand operand of type 'sdds::Bus' (or there is no acceptable conversion)
C:\Program Files\Microsoft Visual Studio\2022\Community\VC\Tools\MSVC\14.33.31629\include\istream(299,39): message : could be 'std::basic_istream<char,std::char_traits<char>> &std::basic_istream<char,std::char_traits<char>>::operator >>(std::basic_streambuf<char,std::char_traits<char>> *)'
C:\Program Files\Microsoft Visual Studio\2022\Community\VC\Tools\MSVC\14.33.31629\include\istream(295,39): message : or       'std::basic_istream<char,std::char_traits<char>> &std::basic_istream<char,std::char_traits<char>>::operator >>(void *&)'
C:\Program Files\Microsoft Visual Studio\2022\Community\VC\Tools\MSVC\14.33.31629\include\istream(291,39): message : or       'std::basic_istream<char,std::char_traits<char>> &std::basic_istream<char,std::char_traits<char>>::operator >>(long double &)'
C:\Program Files\Microsoft Visual Studio\2022\Community\VC\Tools\MSVC\14.33.31629\include\istream(287,39): message : or       'std::basic_istream<char,std::char_traits<char>> &std::basic_istream<char,std::char_traits<char>>::operator >>(double &)'
C:\Program Files\Microsoft Visual Studio\2022\Community\VC\Tools\MSVC\14.33.31629\include\istream(283,39): message : or       'std::basic_istream<char,std::char_traits<char>> &std::basic_istream<char,std::char_traits<char>>::operator >>(float &)'
C:\Program Files\Microsoft Visual Studio\2022\Community\VC\Tools\MSVC\14.33.31629\include\istream(279,39): message : or       'std::basic_istream<char,std::char_traits<char>> &std::basic_istream<char,std::char_traits<char>>::operator >>(unsigned __int64 &)'
C:\Program Files\Microsoft Visual Studio\2022\Community\VC\Tools\MSVC\14.33.31629\include\istream(275,39): message : or       'std::basic_istream<char,std::char_traits<char>> &std::basic_istream<char,std::char_traits<char>>::operator >>(__int64 &)'
C:\Program Files\Microsoft Visual Studio\2022\Community\VC\Tools\MSVC\14.33.31629\include\istream(271,39): message : or       'std::basic_istream<char,std::char_traits<char>> &std::basic_istream<char,std::char_traits<char>>::operator >>(unsigned long &)'
C:\Program Files\Microsoft Visual Studio\2022\Community\VC\Tools\MSVC\14.33.31629\include\istream(267,39): message : or       'std::basic_istream<char,std::char_traits<char>> &std::basic_istream<char,std::char_traits<char>>::operator >>(long &)'
C:\Program Files\Microsoft Visual Studio\2022\Community\VC\Tools\MSVC\14.33.31629\include\istream(263,39): message : or       'std::basic_istream<char,std::char_traits<char>> &std::basic_istream<char,std::char_traits<char>>::operator >>(unsigned int &)'
C:\Program Files\Microsoft Visual Studio\2022\Community\VC\Tools\MSVC\14.33.31629\include\istream(255,39): message : or       'std::basic_istream<char,std::char_traits<char>> &std::basic_istream<char,std::char_traits<char>>::operator >>(int &)'
C:\Program Files\Microsoft Visual Studio\2022\Community\VC\Tools\MSVC\14.33.31629\include\istream(251,39): message : or       'std::basic_istream<char,std::char_traits<char>> &std::basic_istream<char,std::char_traits<char>>::operator >>(unsigned short &)'
C:\Program Files\Microsoft Visual Studio\2022\Community\VC\Tools\MSVC\14.33.31629\include\istream(219,39): message : or       'std::basic_istream<char,std::char_traits<char>> &std::basic_istream<char,std::char_traits<char>>::operator >>(short &)'
C:\Program Files\Microsoft Visual Studio\2022\Community\VC\Tools\MSVC\14.33.31629\include\istream(215,39): message : or       'std::basic_istream<char,std::char_traits<char>> &std::basic_istream<char,std::char_traits<char>>::operator >>(bool &)'
C:\Program Files\Microsoft Visual Studio\2022\Community\VC\Tools\MSVC\14.33.31629\include\istream(186,39): message : or       'std::basic_istream<char,std::char_traits<char>> &std::basic_istream<char,std::char_traits<char>>::operator >>(std::ios_base &(__cdecl *)(std::ios_base &))'
C:\Program Files\Microsoft Visual Studio\2022\Community\VC\Tools\MSVC\14.33.31629\include\istream(181,39): message : or       'std::basic_istream<char,std::char_traits<char>> &std::basic_istream<char,std::char_traits<char>>::operator >>(std::basic_ios<char,std::char_traits<char>> &(__cdecl *)(std::basic_ios<char,std::char_traits<char>> &))'
C:\Program Files\Microsoft Visual Studio\2022\Community\VC\Tools\MSVC\14.33.31629\include\istream(176,39): message : or       'std::basic_istream<char,std::char_traits<char>> &std::basic_istream<char,std::char_traits<char>>::operator >>(std::basic_istream<char,std::char_traits<char>> &(__cdecl *)(std::basic_istream<char,std::char_traits<char>> &))'
C:\Users\Owner\OneDrive - Seneca\Desktop\Seneca\2nd\oop\workshop\OOP-Workshops\WS05\DIY\main.cpp(143,17): message : while trying to match the argument list '(std::istream, sdds::Bus)'
C:\Users\Owner\OneDrive - Seneca\Desktop\Seneca\2nd\oop\workshop\OOP-Workshops\WS05\DIY\main.cpp(144,19): error C2679: binary '<<': no operator found which takes a right-hand operand of type 'sdds::Bus' (or there is no acceptable conversion)
C:\Program Files\Microsoft Visual Studio\2022\Community\VC\Tools\MSVC\14.33.31629\include\ostream(475,39): message : could be 'std::basic_ostream<char,std::char_traits<char>> &std::basic_ostream<char,std::char_traits<char>>::operator <<(std::basic_streambuf<char,std::char_traits<char>> *)'
C:\Program Files\Microsoft Visual Studio\2022\Community\VC\Tools\MSVC\14.33.31629\include\ostream(443,39): message : or       'std::basic_ostream<char,std::char_traits<char>> &std::basic_ostream<char,std::char_traits<char>>::operator <<(const void *)'
C:\Program Files\Microsoft Visual Studio\2022\Community\VC\Tools\MSVC\14.33.31629\include\ostream(425,39): message : or       'std::basic_ostream<char,std::char_traits<char>> &std::basic_ostream<char,std::char_traits<char>>::operator <<(long double)'
C:\Program Files\Microsoft Visual Studio\2022\Community\VC\Tools\MSVC\14.33.31629\include\ostream(407,39): message : or       'std::basic_ostream<char,std::char_traits<char>> &std::basic_ostream<char,std::char_traits<char>>::operator <<(double)'
C:\Program Files\Microsoft Visual Studio\2022\Community\VC\Tools\MSVC\14.33.31629\include\ostream(389,39): message : or       'std::basic_ostream<char,std::char_traits<char>> &std::basic_ostream<char,std::char_traits<char>>::operator <<(float)'
C:\Program Files\Microsoft Visual Studio\2022\Community\VC\Tools\MSVC\14.33.31629\include\ostream(371,39): message : or       'std::basic_ostream<char,std::char_traits<char>> &std::basic_ostream<char,std::char_traits<char>>::operator <<(unsigned __int64)'
C:\Program Files\Microsoft Visual Studio\2022\Community\VC\Tools\MSVC\14.33.31629\include\ostream(353,39): message : or       'std::basic_ostream<char,std::char_traits<char>> &std::basic_ostream<char,std::char_traits<char>>::operator <<(__int64)'
C:\Program Files\Microsoft Visual Studio\2022\Community\VC\Tools\MSVC\14.33.31629\include\ostream(335,39): message : or       'std::basic_ostream<char,std::char_traits<char>> &std::basic_ostream<char,std::char_traits<char>>::operator <<(unsigned long)'
C:\Program Files\Microsoft Visual Studio\2022\Community\VC\Tools\MSVC\14.33.31629\include\ostream(317,39): message : or       'std::basic_ostream<char,std::char_traits<char>> &std::basic_ostream<char,std::char_traits<char>>::operator <<(long)'
C:\Program Files\Microsoft Visual Studio\2022\Community\VC\Tools\MSVC\14.33.31629\include\ostream(298,39): message : or       'std::basic_ostream<char,std::char_traits<char>> &std::basic_ostream<char,std::char_traits<char>>::operator <<(unsigned int)'
C:\Program Files\Microsoft Visual Studio\2022\Community\VC\Tools\MSVC\14.33.31629\include\ostream(272,39): message : or       'std::basic_ostream<char,std::char_traits<char>> &std::basic_ostream<char,std::char_traits<char>>::operator <<(int)'
C:\Program Files\Microsoft Visual Studio\2022\Community\VC\Tools\MSVC\14.33.31629\include\ostream(253,39): message : or       'std::basic_ostream<char,std::char_traits<char>> &std::basic_ostream<char,std::char_traits<char>>::operator <<(unsigned short)'
C:\Program Files\Microsoft Visual Studio\2022\Community\VC\Tools\MSVC\14.33.31629\include\ostream(219,39): message : or       'std::basic_ostream<char,std::char_traits<char>> &std::basic_ostream<char,std::char_traits<char>>::operator <<(short)'
C:\Program Files\Microsoft Visual Studio\2022\Community\VC\Tools\MSVC\14.33.31629\include\ostream(201,39): message : or       'std::basic_ostream<char,std::char_traits<char>> &std::basic_ostream<char,std::char_traits<char>>::operator <<(bool)'
C:\Program Files\Microsoft Visual Studio\2022\Community\VC\Tools\MSVC\14.33.31629\include\ostream(195,39): message : or       'std::basic_ostream<char,std::char_traits<char>> &std::basic_ostream<char,std::char_traits<char>>::operator <<(std::ios_base &(__cdecl *)(std::ios_base &))'
C:\Program Files\Microsoft Visual Studio\2022\Community\VC\Tools\MSVC\14.33.31629\include\ostream(189,39): message : or       'std::basic_ostream<char,std::char_traits<char>> &std::basic_ostream<char,std::char_traits<char>>::operator <<(std::basic_ios<char,std::char_traits<char>> &(__cdecl *)(std::basic_ios<char,std::char_traits<char>> &))'
C:\Program Files\Microsoft Visual Studio\2022\Community\VC\Tools\MSVC\14.33.31629\include\ostream(184,39): message : or       'std::basic_ostream<char,std::char_traits<char>> &std::basic_ostream<char,std::char_traits<char>>::operator <<(std::basic_ostream<char,std::char_traits<char>> &(__cdecl *)(std::basic_ostream<char,std::char_traits<char>> &))'
C:\Users\Owner\OneDrive - Seneca\Desktop\Seneca\2nd\oop\workshop\OOP-Workshops\WS05\DIY\main.cpp(144,19): message : while trying to match the argument list '(std::ostream, sdds::Bus)'
C:\Users\Owner\OneDrive - Seneca\Desktop\Seneca\2nd\oop\workshop\OOP-Workshops\WS05\DIY\main.cpp(146,17): error C2679: binary '>>': no operator found which takes a right-hand operand of type 'sdds::Bus' (or there is no acceptable conversion)
C:\Program Files\Microsoft Visual Studio\2022\Community\VC\Tools\MSVC\14.33.31629\include\istream(299,39): message : could be 'std::basic_istream<char,std::char_traits<char>> &std::basic_istream<char,std::char_traits<char>>::operator >>(std::basic_streambuf<char,std::char_traits<char>> *)'
C:\Program Files\Microsoft Visual Studio\2022\Community\VC\Tools\MSVC\14.33.31629\include\istream(295,39): message : or       'std::basic_istream<char,std::char_traits<char>> &std::basic_istream<char,std::char_traits<char>>::operator >>(void *&)'
C:\Program Files\Microsoft Visual Studio\2022\Community\VC\Tools\MSVC\14.33.31629\include\istream(291,39): message : or       'std::basic_istream<char,std::char_traits<char>> &std::basic_istream<char,std::char_traits<char>>::operator >>(long double &)'
C:\Program Files\Microsoft Visual Studio\2022\Community\VC\Tools\MSVC\14.33.31629\include\istream(287,39): message : or       'std::basic_istream<char,std::char_traits<char>> &std::basic_istream<char,std::char_traits<char>>::operator >>(double &)'
C:\Program Files\Microsoft Visual Studio\2022\Community\VC\Tools\MSVC\14.33.31629\include\istream(283,39): message : or       'std::basic_istream<char,std::char_traits<char>> &std::basic_istream<char,std::char_traits<char>>::operator >>(float &)'
C:\Program Files\Microsoft Visual Studio\2022\Community\VC\Tools\MSVC\14.33.31629\include\istream(279,39): message : or       'std::basic_istream<char,std::char_traits<char>> &std::basic_istream<char,std::char_traits<char>>::operator >>(unsigned __int64 &)'
C:\Program Files\Microsoft Visual Studio\2022\Community\VC\Tools\MSVC\14.33.31629\include\istream(275,39): message : or       'std::basic_istream<char,std::char_traits<char>> &std::basic_istream<char,std::char_traits<char>>::operator >>(__int64 &)'
C:\Program Files\Microsoft Visual Studio\2022\Community\VC\Tools\MSVC\14.33.31629\include\istream(271,39): message : or       'std::basic_istream<char,std::char_traits<char>> &std::basic_istream<char,std::char_traits<char>>::operator >>(unsigned long &)'
C:\Program Files\Microsoft Visual Studio\2022\Community\VC\Tools\MSVC\14.33.31629\include\istream(267,39): message : or       'std::basic_istream<char,std::char_traits<char>> &std::basic_istream<char,std::char_traits<char>>::operator >>(long &)'
C:\Program Files\Microsoft Visual Studio\2022\Community\VC\Tools\MSVC\14.33.31629\include\istream(263,39): message : or       'std::basic_istream<char,std::char_traits<char>> &std::basic_istream<char,std::char_traits<char>>::operator >>(unsigned int &)'
C:\Program Files\Microsoft Visual Studio\2022\Community\VC\Tools\MSVC\14.33.31629\include\istream(255,39): message : or       'std::basic_istream<char,std::char_traits<char>> &std::basic_istream<char,std::char_traits<char>>::operator >>(int &)'
C:\Program Files\Microsoft Visual Studio\2022\Community\VC\Tools\MSVC\14.33.31629\include\istream(251,39): message : or       'std::basic_istream<char,std::char_traits<char>> &std::basic_istream<char,std::char_traits<char>>::operator >>(unsigned short &)'
C:\Program Files\Microsoft Visual Studio\2022\Community\VC\Tools\MSVC\14.33.31629\include\istream(219,39): message : or       'std::basic_istream<char,std::char_traits<char>> &std::basic_istream<char,std::char_traits<char>>::operator >>(short &)'
C:\Program Files\Microsoft Visual Studio\2022\Community\VC\Tools\MSVC\14.33.31629\include\istream(215,39): message : or       'std::basic_istream<char,std::char_traits<char>> &std::basic_istream<char,std::char_traits<char>>::operator >>(bool &)'
C:\Program Files\Microsoft Visual Studio\2022\Community\VC\Tools\MSVC\14.33.31629\include\istream(186,39): message : or       'std::basic_istream<char,std::char_traits<char>> &std::basic_istream<char,std::char_traits<char>>::operator >>(std::ios_base &(__cdecl *)(std::ios_base &))'
C:\Program Files\Microsoft Visual Studio\2022\Community\VC\Tools\MSVC\14.33.31629\include\istream(181,39): message : or       'std::basic_istream<char,std::char_traits<char>> &std::basic_istream<char,std::char_traits<char>>::operator >>(std::basic_ios<char,std::char_traits<char>> &(__cdecl *)(std::basic_ios<char,std::char_traits<char>> &))'
C:\Program Files\Microsoft Visual Studio\2022\Community\VC\Tools\MSVC\14.33.31629\include\istream(176,39): message : or       'std::basic_istream<char,std::char_traits<char>> &std::basic_istream<char,std::char_traits<char>>::operator >>(std::basic_istream<char,std::char_traits<char>> &(__cdecl *)(std::basic_istream<char,std::char_traits<char>> &))'
C:\Users\Owner\OneDrive - Seneca\Desktop\Seneca\2nd\oop\workshop\OOP-Workshops\WS05\DIY\main.cpp(146,17): message : while trying to match the argument list '(std::istream, sdds::Bus)'
C:\Users\Owner\OneDrive - Seneca\Desktop\Seneca\2nd\oop\workshop\OOP-Workshops\WS05\DIY\main.cpp(147,19): error C2679: binary '<<': no operator found which takes a right-hand operand of type 'sdds::Bus' (or there is no acceptable conversion)
C:\Program Files\Microsoft Visual Studio\2022\Community\VC\Tools\MSVC\14.33.31629\include\ostream(475,39): message : could be 'std::basic_ostream<char,std::char_traits<char>> &std::basic_ostream<char,std::char_traits<char>>::operator <<(std::basic_streambuf<char,std::char_traits<char>> *)'
C:\Program Files\Microsoft Visual Studio\2022\Community\VC\Tools\MSVC\14.33.31629\include\ostream(443,39): message : or       'std::basic_ostream<char,std::char_traits<char>> &std::basic_ostream<char,std::char_traits<char>>::operator <<(const void *)'
C:\Program Files\Microsoft Visual Studio\2022\Community\VC\Tools\MSVC\14.33.31629\include\ostream(425,39): message : or       'std::basic_ostream<char,std::char_traits<char>> &std::basic_ostream<char,std::char_traits<char>>::operator <<(long double)'
C:\Program Files\Microsoft Visual Studio\2022\Community\VC\Tools\MSVC\14.33.31629\include\ostream(407,39): message : or       'std::basic_ostream<char,std::char_traits<char>> &std::basic_ostream<char,std::char_traits<char>>::operator <<(double)'
C:\Program Files\Microsoft Visual Studio\2022\Community\VC\Tools\MSVC\14.33.31629\include\ostream(389,39): message : or       'std::basic_ostream<char,std::char_traits<char>> &std::basic_ostream<char,std::char_traits<char>>::operator <<(float)'
C:\Program Files\Microsoft Visual Studio\2022\Community\VC\Tools\MSVC\14.33.31629\include\ostream(371,39): message : or       'std::basic_ostream<char,std::char_traits<char>> &std::basic_ostream<char,std::char_traits<char>>::operator <<(unsigned __int64)'
C:\Program Files\Microsoft Visual Studio\2022\Community\VC\Tools\MSVC\14.33.31629\include\ostream(353,39): message : or       'std::basic_ostream<char,std::char_traits<char>> &std::basic_ostream<char,std::char_traits<char>>::operator <<(__int64)'
C:\Program Files\Microsoft Visual Studio\2022\Community\VC\Tools\MSVC\14.33.31629\include\ostream(335,39): message : or       'std::basic_ostream<char,std::char_traits<char>> &std::basic_ostream<char,std::char_traits<char>>::operator <<(unsigned long)'
C:\Program Files\Microsoft Visual Studio\2022\Community\VC\Tools\MSVC\14.33.31629\include\ostream(317,39): message : or       'std::basic_ostream<char,std::char_traits<char>> &std::basic_ostream<char,std::char_traits<char>>::operator <<(long)'
C:\Program Files\Microsoft Visual Studio\2022\Community\VC\Tools\MSVC\14.33.31629\include\ostream(298,39): message : or       'std::basic_ostream<char,std::char_traits<char>> &std::basic_ostream<char,std::char_traits<char>>::operator <<(unsigned int)'
C:\Program Files\Microsoft Visual Studio\2022\Community\VC\Tools\MSVC\14.33.31629\include\ostream(272,39): message : or       'std::basic_ostream<char,std::char_traits<char>> &std::basic_ostream<char,std::char_traits<char>>::operator <<(int)'
C:\Program Files\Microsoft Visual Studio\2022\Community\VC\Tools\MSVC\14.33.31629\include\ostream(253,39): message : or       'std::basic_ostream<char,std::char_traits<char>> &std::basic_ostream<char,std::char_traits<char>>::operator <<(unsigned short)'
C:\Program Files\Microsoft Visual Studio\2022\Community\VC\Tools\MSVC\14.33.31629\include\ostream(219,39): message : or       'std::basic_ostream<char,std::char_traits<char>> &std::basic_ostream<char,std::char_traits<char>>::operator <<(short)'
C:\Program Files\Microsoft Visual Studio\2022\Community\VC\Tools\MSVC\14.33.31629\include\ostream(201,39): message : or       'std::basic_ostream<char,std::char_traits<char>> &std::basic_ostream<char,std::char_traits<char>>::operator <<(bool)'
C:\Program Files\Microsoft Visual Studio\2022\Community\VC\Tools\MSVC\14.33.31629\include\ostream(195,39): message : or       'std::basic_ostream<char,std::char_traits<char>> &std::basic_ostream<char,std::char_traits<char>>::operator <<(std::ios_base &(__cdecl *)(std::ios_base &))'
C:\Program Files\Microsoft Visual Studio\2022\Community\VC\Tools\MSVC\14.33.31629\include\ostream(189,39): message : or       'std::basic_ostream<char,std::char_traits<char>> &std::basic_ostream<char,std::char_traits<char>>::operator <<(std::basic_ios<char,std::char_traits<char>> &(__cdecl *)(std::basic_ios<char,std::char_traits<char>> &))'
C:\Program Files\Microsoft Visual Studio\2022\Community\VC\Tools\MSVC\14.33.31629\include\ostream(184,39): message : or       'std::basic_ostream<char,std::char_traits<char>> &std::basic_ostream<char,std::char_traits<char>>::operator <<(std::basic_ostream<char,std::char_traits<char>> &(__cdecl *)(std::basic_ostream<char,std::char_traits<char>> &))'
C:\Users\Owner\OneDrive - Seneca\Desktop\Seneca\2nd\oop\workshop\OOP-Workshops\WS05\DIY\main.cpp(147,19): message : while trying to match the argument list '(std::ostream, sdds::Bus)'
  Generating Code...
